
                             _U:Magnitude PI:   _U:Magnitude PI:   _U:U1 PI: PART-1-  _U:U1 PI: PART-1-  _U:U2 PI: PART-1-  _U:U2 PI: PART-1-  _U:U3 PI: PART-1-  _U:U3 PI: PART-1-
                  X            PART-1-1 N: 83    PART-1-1 N: 156        1 N: 83            1 N: 156           1 N: 83            1 N: 156           1 N: 83            1 N: 156    

                0.                 0.                 0.                 0.                 0.                 0.                 0.                 0.                 0.         
               40.E-03             3.63674E-03        2.92995E-03        3.63673E-03        2.61777E-03        4.21962E-06     -701.911E-09          7.81842E-06        1.31602E-03
               80.E-03             7.27201E-03        5.85858E-03        7.27199E-03        5.23437E-03        8.43784E-06       -1.38959E-06       16.6385E-06         2.63141E-03
              120.E-03            10.9058E-03         8.78588E-03       10.9058E-03         7.84981E-03       12.6547E-06        -2.06315E-06       26.459E-06          3.94615E-03
              160.E-03            14.5382E-03        11.7119E-03        14.5381E-03        10.4641E-03        16.8701E-06        -2.72263E-06       37.2784E-06         5.26026E-03
              200.E-03            18.1691E-03        14.6365E-03        18.169E-03         13.0772E-03        21.0842E-06        -3.3681E-06        49.0955E-06         6.57373E-03
              240.E-03            21.7985E-03        17.5598E-03        21.7984E-03        15.6892E-03        25.2969E-06        -3.99961E-06       61.9087E-06         7.88657E-03
              280.E-03            25.4265E-03        20.4819E-03        25.4264E-03        18.3E-03           29.5083E-06        -4.61723E-06       75.7168E-06         9.19877E-03
              320.E-03            29.0531E-03        23.4026E-03        29.0529E-03        20.9096E-03        33.7183E-06        -5.22102E-06       90.5184E-06        10.5103E-03 
              360.E-03            32.6782E-03        26.3219E-03        32.678E-03         23.5181E-03        37.9271E-06        -5.81103E-06      106.312E-06         11.8213E-03 
              400.E-03            36.3018E-03        29.24E-03          36.3016E-03        26.1255E-03        42.1345E-06        -6.38734E-06      123.097E-06         13.1316E-03 
              440.E-03            39.924E-03         32.1568E-03        39.9238E-03        28.7317E-03        46.3406E-06        -6.95001E-06      140.871E-06         14.4413E-03 
              480.E-03            43.5448E-03        35.0723E-03        43.5445E-03        31.3367E-03        50.5454E-06        -7.49908E-06      159.633E-06         15.7503E-03 
              520.E-03            47.1641E-03        37.9864E-03        47.1637E-03        33.9407E-03        54.749E-06         -8.03463E-06      179.381E-06         17.0587E-03 
              560.E-03            50.782E-03         40.8993E-03        50.7816E-03        36.5434E-03        58.9513E-06        -8.55671E-06      200.115E-06         18.3665E-03 
              600.E-03            54.3985E-03        43.8109E-03        54.398E-03         39.1451E-03        63.1523E-06        -9.06538E-06      221.834E-06         19.6737E-03 
              640.E-03            58.0135E-03        46.7211E-03        58.0129E-03        41.7456E-03        67.3521E-06        -9.5607E-06       244.534E-06         20.9803E-03 
              680.E-03            61.6271E-03        49.6301E-03        61.6264E-03        44.3449E-03        71.5507E-06       -10.0427E-06       268.217E-06         22.2862E-03 
              720.E-03            65.2392E-03        52.5378E-03        65.2385E-03        46.9432E-03        75.748E-06        -10.5115E-06       292.879E-06         23.5915E-03 
              760.E-03            68.8499E-03        55.4442E-03        68.8492E-03        49.5403E-03        79.9442E-06       -10.9671E-06       318.52E-06          24.8962E-03 
              800.E-03            72.4592E-03        58.3493E-03        72.4584E-03        52.1363E-03        84.1391E-06       -11.4096E-06       345.139E-06         26.2003E-03 
              840.E-03            76.0671E-03        61.2532E-03        76.0662E-03        54.7311E-03        88.3328E-06       -11.8391E-06       372.733E-06         27.5037E-03 
              880.E-03            79.6736E-03        64.1557E-03        79.6725E-03        57.3248E-03        92.5254E-06       -12.2555E-06       401.302E-06         28.8066E-03 
              920.E-03            83.2786E-03        67.057E-03         83.2774E-03        59.9174E-03        96.7168E-06       -12.659E-06        430.845E-06         30.1088E-03 
              960.E-03            86.8822E-03        69.957E-03         86.8809E-03        62.5089E-03       100.907E-06        -13.0496E-06       461.36E-06          31.4104E-03 
                1.                90.4844E-03        72.8557E-03        90.483E-03         65.0993E-03       105.096E-06        -13.4273E-06       492.846E-06         32.7114E-03 
                1.04              86.8864E-03        69.9669E-03        86.8851E-03        62.5115E-03       100.478E-06        -13.5405E-06       474.203E-06         31.4273E-03 
                1.08              83.2867E-03        67.0765E-03        83.2854E-03        59.9224E-03        95.8576E-06       -13.6419E-06       456.526E-06         30.1423E-03 
                1.12              79.6852E-03        64.1845E-03        79.684E-03         57.3319E-03        91.2352E-06       -13.7313E-06       439.818E-06         28.8567E-03 
                1.16              76.082E-03         61.2911E-03        76.0808E-03        54.7401E-03        86.6107E-06       -13.8088E-06       424.079E-06         27.5703E-03 
                1.2               72.4771E-03        58.3961E-03        72.4759E-03        52.1469E-03        81.9842E-06       -13.8743E-06       409.31E-06          26.2831E-03 
                1.24              68.8703E-03        55.4996E-03        68.8691E-03        49.5524E-03        77.3555E-06       -13.9277E-06       395.515E-06         24.9953E-03 
                1.28              65.2619E-03        52.6015E-03        65.2607E-03        46.9565E-03        72.7247E-06       -13.969E-06        382.694E-06         23.7066E-03 
                1.32              61.6516E-03        49.7019E-03        61.6505E-03        44.3592E-03        68.0918E-06       -13.9982E-06       370.848E-06         22.4172E-03 
                1.36              58.0397E-03        46.8007E-03        58.0385E-03        41.7606E-03        63.4567E-06       -14.0151E-06       359.98E-06          21.1271E-03 
                1.4               54.4259E-03        43.898E-03         54.4248E-03        39.1607E-03        58.8195E-06       -14.0198E-06       350.091E-06         19.8362E-03 
                1.44              50.8104E-03        40.9937E-03        50.8092E-03        36.5593E-03        54.1801E-06       -14.0121E-06       341.183E-06         18.5446E-03 
                1.48              47.1932E-03        38.0879E-03        47.192E-03         33.9566E-03        49.5385E-06       -13.992E-06        333.257E-06         17.2522E-03 
                1.52              43.5741E-03        35.1806E-03        43.5729E-03        31.3525E-03        44.8947E-06       -13.9595E-06       326.315E-06         15.9591E-03 
                1.56              39.9534E-03        32.2717E-03        39.9521E-03        28.7471E-03        40.2487E-06       -13.9144E-06       320.359E-06         14.6652E-03 
                1.6               36.3309E-03        29.3613E-03        36.3295E-03        26.1403E-03        35.6005E-06       -13.8568E-06       315.39E-06          13.3705E-03 
                1.64              32.7066E-03        26.4493E-03        32.7051E-03        23.5321E-03        30.9501E-06       -13.7866E-06       311.409E-06         12.0751E-03 
                1.68              29.0806E-03        23.5358E-03        29.0789E-03        20.9225E-03        26.2974E-06       -13.7037E-06       308.419E-06         10.7789E-03 
                1.72              25.4528E-03        20.6209E-03        25.451E-03         18.3115E-03        21.6425E-06       -13.6081E-06       306.421E-06          9.48202E-03
                1.76              21.8234E-03        17.7044E-03        21.8212E-03        15.6991E-03        16.9853E-06       -13.4996E-06       305.417E-06          8.18433E-03
                1.8               18.1923E-03        14.7866E-03        18.1897E-03        13.0854E-03        12.3258E-06       -13.3783E-06       305.408E-06          6.88587E-03
                1.84              14.5596E-03        11.8675E-03        14.5564E-03        10.4703E-03         7.66396E-06      -13.2441E-06       306.396E-06          5.58665E-03
                1.88              10.9256E-03         8.94745E-03       10.9213E-03         7.85374E-03        2.99985E-06      -13.0968E-06       308.382E-06          4.28667E-03
                1.92               7.29103E-03        6.02741E-03        7.28438E-03        5.23582E-03       -1.66659E-06      -12.9366E-06       311.37E-06           2.98592E-03
                1.96               3.6593E-03         3.11182E-03        3.64568E-03        2.61649E-03       -6.33537E-06      -12.7632E-06       315.359E-06          1.6844E-03 
                2.               320.582E-06        382.34E-06           5.18924E-06       -4.22917E-06      -11.0065E-06       -12.5767E-06       320.351E-06        382.11E-06   
                2.04               3.65175E-03        2.78317E-03       -3.63711E-03       -2.62636E-03      -15.68E-06         -12.3769E-06       326.349E-06       -920.951E-06  
                2.08               7.28886E-03        5.70185E-03       -7.28121E-03       -5.24989E-03      -20.3559E-06       -12.1639E-06       333.354E-06         -2.22478E-03
                2.12              10.9325E-03         8.62958E-03      -10.9271E-03        -7.87483E-03      -25.0342E-06       -11.9375E-06       341.368E-06         -3.52939E-03
                2.16              14.5791E-03        11.5607E-03       -14.5748E-03       -10.5012E-03       -29.7149E-06       -11.6976E-06       350.392E-06         -4.83477E-03
                2.2               18.2279E-03        14.4941E-03       -18.2243E-03       -13.1289E-03       -34.398E-06        -11.4443E-06       360.429E-06         -6.14093E-03
                2.24              21.8789E-03        17.4296E-03       -21.8757E-03       -15.7581E-03       -39.0835E-06       -11.1775E-06       371.479E-06         -7.44787E-03
                2.28              25.5318E-03        20.3668E-03       -25.5288E-03       -18.3887E-03       -43.7715E-06       -10.897E-06        383.544E-06         -8.75558E-03
                2.32              29.1865E-03        23.3057E-03       -29.1838E-03       -21.0207E-03       -48.462E-06        -10.6029E-06       396.627E-06        -10.0641E-03 
                2.36              32.8432E-03        26.2464E-03       -32.8406E-03       -23.6542E-03       -53.1549E-06       -10.295E-06        410.728E-06        -11.3734E-03 
                2.4               36.5017E-03        29.1888E-03       -36.4992E-03       -26.2891E-03       -57.8504E-06        -9.97332E-06      425.85E-06         -12.6834E-03 
                2.44              40.1621E-03        32.1328E-03       -40.1596E-03       -28.9254E-03       -62.5483E-06        -9.63777E-06      441.995E-06        -13.9943E-03 
                2.48              43.8243E-03        35.0785E-03       -43.8219E-03       -31.5631E-03       -67.2488E-06        -9.28828E-06      459.163E-06        -15.3059E-03 
                2.52              47.4884E-03        38.0258E-03       -47.486E-03        -34.2023E-03       -71.9518E-06        -8.92478E-06      477.357E-06        -16.6183E-03 
                2.56              51.1543E-03        40.9748E-03       -51.1519E-03       -36.8429E-03       -76.6574E-06        -8.54721E-06      496.579E-06        -17.9315E-03 
                2.6               54.8221E-03        43.9255E-03       -54.8196E-03       -39.4849E-03       -81.3655E-06        -8.1555E-06       516.829E-06        -19.2455E-03 
                2.64              58.4917E-03        46.8778E-03       -58.4892E-03       -42.1284E-03       -86.0762E-06        -7.74958E-06      538.111E-06        -20.5603E-03 
                2.68              62.1632E-03        49.8318E-03       -62.1606E-03       -44.7733E-03       -90.7895E-06        -7.32938E-06      560.425E-06        -21.8759E-03 
                2.72              65.8365E-03        52.7874E-03       -65.8339E-03       -47.4197E-03       -95.5055E-06        -6.89484E-06      583.774E-06        -23.1923E-03 
                2.76              69.5117E-03        55.7447E-03       -69.509E-03        -50.0675E-03      -100.224E-06         -6.44587E-06      608.159E-06        -24.5094E-03 
                2.8               73.1888E-03        58.7036E-03       -73.1859E-03       -52.7168E-03      -104.945E-06         -5.98243E-06      633.582E-06        -25.8274E-03 
                2.84              76.8676E-03        61.6642E-03       -76.8647E-03       -55.3675E-03      -109.669E-06         -5.50442E-06      660.044E-06        -27.1462E-03 
                2.88              80.5484E-03        64.6265E-03       -80.5454E-03       -58.0197E-03      -114.396E-06         -5.01179E-06      687.548E-06        -28.4657E-03 
                2.92              84.231E-03         67.5904E-03       -84.2279E-03       -60.6734E-03      -119.125E-06         -4.50446E-06      716.095E-06        -29.7861E-03 
                2.96              87.9155E-03        70.5561E-03       -87.9122E-03       -63.3285E-03      -123.857E-06         -3.98236E-06      745.687E-06        -31.1073E-03 
                3.                91.6018E-03        73.5234E-03       -91.5984E-03       -65.9851E-03      -128.591E-06         -3.44542E-06      776.326E-06        -32.4293E-03 
                3.04              87.9194E-03        70.5527E-03       -87.916E-03        -63.3315E-03      -124.31E-06          -4.49904E-06      758.528E-06        -31.0936E-03 
                3.08              84.2385E-03        67.5835E-03       -84.2352E-03       -60.6791E-03      -120.03E-06          -5.53674E-06      741.773E-06        -29.7585E-03 
                3.12              80.5592E-03        64.6157E-03       -80.5558E-03       -58.028E-03       -115.752E-06         -6.55865E-06      726.059E-06        -28.4242E-03 
                3.16              76.8814E-03        61.6492E-03       -76.878E-03        -55.3781E-03      -111.475E-06         -7.5648E-06       711.384E-06        -27.0905E-03 
                3.2               73.2051E-03        58.6842E-03       -73.2017E-03       -52.7294E-03      -107.201E-06         -8.55527E-06      697.747E-06        -25.7575E-03 
                3.24              69.5303E-03        55.7206E-03       -69.5268E-03       -50.0819E-03      -102.928E-06         -9.53014E-06      685.147E-06        -24.4252E-03 
                3.28              65.8571E-03        52.7584E-03       -65.8535E-03       -47.4357E-03       -98.6565E-06       -10.4895E-06       673.581E-06        -23.0935E-03 
                3.32              62.1853E-03        49.7976E-03       -62.1817E-03       -44.7906E-03       -94.3869E-06       -11.4333E-06       663.049E-06        -21.7625E-03 
                3.36              58.5152E-03        46.8383E-03       -58.5114E-03       -42.1468E-03       -90.1189E-06       -12.3618E-06       653.549E-06        -20.4321E-03 
                3.4               54.8465E-03        43.8803E-03       -54.8426E-03       -39.5042E-03       -85.8525E-06       -13.2749E-06       645.079E-06        -19.1024E-03 
                3.44              51.1794E-03        40.9238E-03       -51.1754E-03       -36.8628E-03       -81.5878E-06       -14.1728E-06       637.638E-06        -17.7734E-03 
                3.48              47.5138E-03        37.9687E-03       -47.5095E-03       -34.2226E-03       -77.3247E-06       -15.0555E-06       631.226E-06        -16.445E-03  
                3.52              43.8498E-03        35.0151E-03       -43.8452E-03       -31.5836E-03       -73.0632E-06       -15.9231E-06       625.839E-06        -15.1173E-03 
                3.56              40.1873E-03        32.0629E-03       -40.1824E-03       -28.9458E-03       -68.8033E-06       -16.7757E-06       621.477E-06        -13.7903E-03 
                3.6               36.5264E-03        29.1122E-03       -36.5211E-03       -26.3091E-03       -64.545E-06        -17.6133E-06       618.139E-06        -12.4639E-03 
                3.64              32.8671E-03        26.163E-03        -32.8613E-03       -23.6737E-03       -60.2882E-06       -18.4359E-06       615.823E-06        -11.1381E-03 
                3.68              29.2095E-03        23.2155E-03       -29.2029E-03       -21.0395E-03       -56.033E-06        -19.2438E-06       614.527E-06         -9.81306E-03
                3.72              25.5535E-03        20.2696E-03       -25.5461E-03       -18.4065E-03       -51.7793E-06       -20.0369E-06       614.25E-06          -8.48862E-03
                3.76              21.8994E-03        17.3256E-03       -21.8907E-03       -15.7746E-03       -47.5272E-06       -20.8152E-06       614.992E-06         -7.16484E-03
                3.8               18.2473E-03        14.3837E-03       -18.2368E-03       -13.144E-03        -43.2765E-06       -21.579E-06        616.749E-06         -5.84171E-03
                3.84              14.5976E-03        11.4446E-03       -14.5844E-03       -10.5145E-03       -39.0274E-06       -22.3281E-06       619.521E-06         -4.51922E-03
                3.88              10.9513E-03         8.50979E-03      -10.9335E-03        -7.88623E-03      -34.7797E-06       -23.0628E-06       623.307E-06         -3.19739E-03
                3.92               7.31117E-03        5.58383E-03       -7.28407E-03       -5.25913E-03      -30.5335E-06       -23.783E-06        628.104E-06         -1.8762E-03 
                3.96               3.69104E-03        2.6913E-03        -3.6361E-03        -2.6332E-03       -26.2888E-06       -24.4888E-06       633.913E-06       -555.652E-06  
                4.               641.194E-06        764.712E-06         10.3925E-06        -8.44768E-06      -22.0456E-06       -25.1804E-06       640.731E-06        764.25E-06   




