
                             _U:Magnitude PI:   _U:Magnitude PI:   _U:U1 PI: PART-1-  _U:U1 PI: PART-1-  _U:U2 PI: PART-1-  _U:U2 PI: PART-1-  _U:U3 PI: PART-1-  _U:U3 PI: PART-1-
                  X            PART-1-1 N: 83    PART-1-1 N: 156        1 N: 83            1 N: 156           1 N: 83            1 N: 156           1 N: 83            1 N: 156    

                0.                 0.                 0.                 0.                 0.                 0.                 0.                 0.                 0.         
               40.E-03             7.27173E-03        5.85509E-03        7.27172E-03        5.23434E-03        8.6572E-06        -1.13886E-06       10.2316E-06         2.6237E-03 
               80.E-03            14.5373E-03        11.7046E-03        14.5373E-03        10.4638E-03        17.3079E-06        -2.22193E-06       24.4638E-06         5.24471E-03
              120.E-03            21.7967E-03        17.5486E-03        21.7966E-03        15.6884E-03        25.9523E-06        -3.25012E-06       42.685E-06          7.86306E-03
              160.E-03            29.0499E-03        23.387E-03         29.0498E-03        20.9081E-03        34.5904E-06        -4.22371E-06       64.8838E-06        10.4787E-03 
              200.E-03            36.2971E-03        29.22E-03          36.2969E-03        26.123E-03         43.2224E-06        -5.14321E-06       91.0487E-06        13.0918E-03 
              240.E-03            43.5381E-03        35.0474E-03        43.5379E-03        31.3331E-03        51.8482E-06        -6.0091E-06       121.168E-06         15.7021E-03 
              280.E-03            50.7731E-03        40.8694E-03        50.7728E-03        36.5384E-03        60.4681E-06        -6.82184E-06      155.231E-06         18.3099E-03 
              320.E-03            58.0019E-03        46.6859E-03        58.0016E-03        41.7389E-03        69.0821E-06        -7.58192E-06      193.226E-06         20.915E-03  
              360.E-03            65.2247E-03        52.497E-03         65.2243E-03        46.9346E-03        77.6903E-06        -8.2898E-06       235.142E-06         23.5175E-03 
              400.E-03            72.4415E-03        58.3027E-03        72.4409E-03        52.1256E-03        86.2928E-06        -8.94594E-06      280.968E-06         26.1174E-03 
              440.E-03            79.6522E-03        64.103E-03         79.6515E-03        57.3119E-03        94.8896E-06        -9.5508E-06       330.692E-06         28.7148E-03 
              480.E-03            86.857E-03         69.8979E-03        86.8561E-03        62.4934E-03       103.481E-06        -10.1048E-06       384.304E-06         31.3095E-03 
              520.E-03            94.0557E-03        75.6874E-03        94.0546E-03        67.6703E-03       112.067E-06        -10.6084E-06       441.792E-06         33.9016E-03 
              560.E-03           101.248E-03         81.4717E-03       101.247E-03         72.8425E-03       120.647E-06        -11.0621E-06       503.146E-06         36.4912E-03 
              600.E-03           108.435E-03         87.2506E-03       108.434E-03         78.01E-03         129.223E-06        -11.4663E-06       568.354E-06         39.0782E-03 
              640.E-03           115.616E-03         93.0242E-03       115.614E-03         83.1728E-03       137.793E-06        -11.8213E-06       637.406E-06         41.6627E-03 
              680.E-03           122.791E-03         98.7925E-03       122.789E-03         88.3311E-03       146.358E-06        -12.1277E-06       710.291E-06         44.2447E-03 
              720.E-03           129.96E-03         104.556E-03        129.958E-03         93.4847E-03       154.918E-06        -12.3858E-06       786.999E-06         46.8241E-03 
              760.E-03           137.123E-03        110.313E-03        137.12E-03          98.6337E-03       163.473E-06        -12.5961E-06       867.517E-06         49.401E-03  
              800.E-03           144.28E-03         116.066E-03        144.277E-03        103.778E-03        172.023E-06        -12.759E-06        951.837E-06         51.9753E-03 
              840.E-03           151.432E-03        121.813E-03        151.428E-03        108.918E-03        180.569E-06        -12.8748E-06         1.03995E-03       54.5472E-03 
              880.E-03           158.577E-03        127.556E-03        158.573E-03        114.053E-03        189.11E-06         -12.944E-06          1.13184E-03       57.1166E-03 
              920.E-03           165.717E-03        133.293E-03        165.712E-03        119.184E-03        197.646E-06        -12.967E-06          1.22749E-03       59.6835E-03 
              960.E-03           172.851E-03        139.025E-03        172.846E-03        124.31E-03         206.177E-06        -12.9442E-06         1.32691E-03       62.248E-03  
                1.               179.979E-03        144.752E-03        179.973E-03        129.432E-03        214.705E-06        -12.8758E-06         1.43008E-03       64.81E-03   
                1.04             172.859E-03        139.038E-03        172.854E-03        124.316E-03        205.759E-06        -13.4235E-06         1.33984E-03       62.2663E-03 
                1.08             165.733E-03        133.318E-03        165.728E-03        119.194E-03        196.807E-06        -13.9274E-06         1.25332E-03       59.72E-03   
                1.12             158.6E-03          127.593E-03        158.595E-03        114.068E-03        187.849E-06        -14.3874E-06         1.17056E-03       57.1709E-03 
                1.16             151.46E-03         121.862E-03        151.456E-03        108.936E-03        178.885E-06        -14.8032E-06         1.09154E-03       54.6191E-03 
                1.2              144.314E-03        116.126E-03        144.311E-03        103.8E-03          169.914E-06        -15.1743E-06         1.01629E-03       52.0646E-03 
                1.24             137.162E-03        110.383E-03        137.159E-03         98.6586E-03       160.936E-06        -15.5003E-06       944.821E-06         49.5073E-03 
                1.28             130.003E-03        104.635E-03        130.E-03            93.5122E-03       151.952E-06        -15.7809E-06       877.138E-06         46.9472E-03 
                1.32             122.838E-03         98.8817E-03       122.835E-03         88.3607E-03       142.961E-06        -16.0156E-06       813.255E-06         44.3844E-03 
                1.36             115.666E-03         93.1222E-03       115.663E-03         83.2042E-03       133.963E-06        -16.2041E-06       753.184E-06         41.8187E-03 
                1.4              108.487E-03         87.3569E-03       108.485E-03         78.0425E-03       124.958E-06        -16.3459E-06       696.938E-06         39.2503E-03 
                1.44             101.302E-03         81.5858E-03       101.3E-03           72.8758E-03       115.947E-06        -16.4406E-06       644.527E-06         36.6791E-03 
                1.48              94.1102E-03        75.8089E-03        94.1083E-03        67.704E-03        106.928E-06        -16.4878E-06       595.964E-06         34.1051E-03 
                1.52              86.9118E-03        70.0261E-03        86.91E-03          62.527E-03         97.9019E-06       -16.4871E-06       551.261E-06         31.5282E-03 
                1.56              79.7067E-03        64.2375E-03        79.705E-03         57.3449E-03        88.8686E-06       -16.438E-06        510.43E-06          28.9485E-03 
                1.6               72.4949E-03        58.4429E-03        72.4933E-03        52.1575E-03        79.828E-06        -16.3401E-06       473.483E-06         26.366E-03  
                1.64              65.2765E-03        52.6425E-03        65.275E-03         46.965E-03         70.7798E-06       -16.1929E-06       440.433E-06         23.7806E-03 
                1.68              58.0514E-03        46.8362E-03        58.0499E-03        41.7673E-03        61.7241E-06       -15.9961E-06       411.291E-06         21.1924E-03 
                1.72              50.8196E-03        41.0239E-03        50.8181E-03        36.5644E-03        52.6607E-06       -15.7491E-06       386.07E-06          18.6013E-03 
                1.76              43.581E-03         35.2057E-03        43.5795E-03        31.3562E-03        43.5895E-06       -15.4515E-06       364.782E-06         16.0072E-03 
                1.8               36.3358E-03        29.3816E-03        36.3341E-03        26.1427E-03        34.5104E-06       -15.1028E-06       347.439E-06         13.4104E-03 
                1.84              29.0839E-03        23.5517E-03        29.082E-03         20.924E-03         25.4234E-06       -14.7026E-06       334.055E-06         10.8106E-03 
                1.88              21.8255E-03        17.716E-03         21.823E-03         15.6999E-03        16.3283E-06       -14.2504E-06       324.642E-06          8.20784E-03
                1.92              14.5608E-03        11.8751E-03        14.5573E-03        10.4706E-03         7.22502E-06      -13.7457E-06       319.211E-06          5.6022E-03 
                1.96               7.29158E-03        6.03126E-03        7.28466E-03        5.23585E-03       -1.88654E-06      -13.188E-06        317.777E-06          2.99363E-03
                2.               320.583E-06        382.345E-06          5.1947E-06        -4.22646E-06      -11.0065E-06       -12.5768E-06       320.351E-06        382.115E-06  
                2.04               7.2885E-03         5.70462E-03       -7.28114E-03       -5.24968E-03      -20.1349E-06       -11.9117E-06       326.947E-06         -2.23236E-03
                2.08              14.5783E-03        11.5664E-03       -14.5744E-03       -10.5005E-03       -29.272E-06        -11.1921E-06       337.577E-06         -4.84979E-03
                2.12              21.8774E-03        17.4379E-03       -21.8745E-03       -15.7568E-03       -38.4177E-06       -10.4174E-06       352.255E-06         -7.47021E-03
                2.16              29.1839E-03        23.3165E-03       -29.1815E-03       -21.0185E-03       -47.5723E-06        -9.5873E-06       370.992E-06        -10.0936E-03 
                2.2               36.4977E-03        29.2017E-03       -36.4955E-03       -26.2857E-03       -56.7358E-06        -8.70113E-06      393.803E-06        -12.72E-03   
                2.24              43.8186E-03        35.0932E-03       -43.8165E-03       -31.5584E-03       -65.9083E-06        -7.75838E-06      420.7E-06          -15.3494E-03 
                2.28              51.1465E-03        40.9912E-03       -51.1444E-03       -36.8365E-03       -75.0899E-06        -6.75853E-06      451.697E-06        -17.9818E-03 
                2.32              58.4814E-03        46.8954E-03       -58.4793E-03       -42.1202E-03       -84.2809E-06        -5.70102E-06      486.806E-06        -20.6173E-03 
                2.36              65.8234E-03        52.8061E-03       -65.8213E-03       -47.4094E-03       -93.4812E-06        -4.58531E-06      526.042E-06        -23.2558E-03 
                2.4               73.1725E-03        58.7231E-03       -73.1702E-03       -52.7042E-03      -102.691E-06         -3.41083E-06      569.417E-06        -25.8973E-03 
                2.44              80.5286E-03        64.6465E-03       -80.5262E-03       -58.0045E-03      -111.91E-06          -2.17702E-06      616.945E-06        -28.5419E-03 
                2.48              87.8919E-03        70.5763E-03       -87.8893E-03       -63.3105E-03      -121.14E-06        -883.312E-09        668.639E-06        -31.1896E-03 
                2.52              95.2623E-03        76.5125E-03       -95.2594E-03       -68.6221E-03      -130.378E-06        470.883E-09        724.513E-06        -33.8404E-03 
                2.56             102.64E-03          82.4551E-03      -102.637E-03        -73.9393E-03      -139.627E-06          1.88615E-06      784.581E-06        -36.4942E-03 
                2.6              110.024E-03         88.4042E-03      -110.021E-03        -79.2621E-03      -148.886E-06          3.36309E-06      848.856E-06        -39.1512E-03 
                2.64             117.416E-03         94.3598E-03      -117.412E-03        -84.5907E-03      -158.156E-06          4.90229E-06      917.352E-06        -41.8112E-03 
                2.68             124.815E-03        100.322E-03       -124.811E-03        -89.925E-03       -167.435E-06          6.50439E-06      990.082E-06        -44.4744E-03 
                2.72             132.221E-03        106.29E-03        -132.217E-03        -95.265E-03       -176.725E-06          8.16998E-06        1.06706E-03      -47.1408E-03 
                2.76             139.635E-03        112.266E-03       -139.63E-03        -100.611E-03       -186.026E-06          9.8997E-06         1.1483E-03       -49.8103E-03 
                2.8              147.055E-03        118.247E-03       -147.05E-03        -105.962E-03       -195.337E-06         11.6942E-06         1.23382E-03      -52.4829E-03 
                2.84             154.483E-03        124.236E-03       -154.478E-03       -111.319E-03       -204.66E-06          13.5541E-06         1.32363E-03      -55.1587E-03 
                2.88             161.919E-03        130.231E-03       -161.912E-03       -116.683E-03       -213.993E-06         15.48E-06           1.41775E-03      -57.8377E-03 
                2.92             169.361E-03        136.232E-03       -169.354E-03       -122.052E-03       -223.337E-06         17.4727E-06         1.51618E-03      -60.5199E-03 
                2.96             176.811E-03        142.241E-03       -176.803E-03       -127.426E-03       -232.693E-06         19.5328E-06         1.61895E-03      -63.2053E-03 
                3.               184.268E-03        148.256E-03       -184.26E-03        -132.807E-03       -242.059E-06         21.6609E-06         1.72607E-03      -65.8939E-03 
                3.04             176.819E-03        142.24E-03        -176.811E-03       -127.432E-03       -233.157E-06         19.0033E-06         1.63188E-03      -63.1932E-03 
                3.08             169.376E-03        136.232E-03       -169.369E-03       -122.063E-03       -224.265E-06         16.4161E-06         1.54202E-03      -60.4954E-03 
                3.12             161.941E-03        130.229E-03       -161.934E-03       -116.699E-03       -215.382E-06         13.8982E-06         1.45647E-03      -57.8005E-03 
                3.16             154.511E-03        124.232E-03       -154.505E-03       -111.34E-03        -206.507E-06         11.4491E-06         1.37523E-03      -55.1086E-03 
                3.2              147.089E-03        118.241E-03       -147.083E-03       -105.987E-03       -197.642E-06          9.06828E-06        1.29828E-03      -52.4196E-03 
                3.24             139.673E-03        112.257E-03       -139.667E-03       -100.639E-03       -188.786E-06          6.755E-06          1.22561E-03      -49.7335E-03 
                3.28             132.263E-03        106.278E-03       -132.258E-03        -95.2961E-03      -179.938E-06          4.50864E-06        1.1572E-03       -47.0503E-03 
                3.32             124.86E-03         100.306E-03       -124.855E-03        -89.9586E-03      -171.099E-06          2.32854E-06        1.09304E-03      -44.3699E-03 
                3.36             117.464E-03         94.3392E-03      -117.459E-03        -84.6264E-03      -162.268E-06        214.065E-09          1.03312E-03      -41.6925E-03 
                3.4              110.074E-03         88.3786E-03      -110.069E-03        -79.2993E-03      -153.446E-06         -1.8354E-06       977.426E-06        -39.0179E-03 
                3.44             102.69E-03          82.424E-03       -102.686E-03        -73.9775E-03      -144.633E-06         -3.82049E-06      925.947E-06        -36.3462E-03 
                3.48              95.3135E-03        76.4754E-03       -95.3094E-03       -68.6609E-03      -135.827E-06         -5.74181E-06      878.668E-06        -33.6773E-03 
                3.52              87.943E-03         70.5326E-03       -87.939E-03        -63.3495E-03      -127.029E-06         -7.59995E-06      835.579E-06        -31.0112E-03 
                3.56              80.579E-03         64.5958E-03       -80.575E-03        -58.0432E-03      -118.24E-06          -9.39552E-06      796.665E-06        -28.348E-03  
                3.6               73.2215E-03        58.6649E-03       -73.2174E-03       -52.742E-03       -109.458E-06        -11.1291E-06       761.914E-06        -25.6876E-03 
                3.64              65.8703E-03        52.7399E-03       -65.8662E-03       -47.446E-03       -100.684E-06        -12.8013E-06       731.315E-06        -23.03E-03   
                3.68              58.5257E-03        46.8208E-03       -58.5213E-03       -42.155E-03        -91.917E-06        -14.4127E-06       704.855E-06        -20.3751E-03 
                3.72              51.1874E-03        40.9077E-03       -51.1828E-03       -36.8691E-03       -83.158E-06        -15.9638E-06       682.522E-06        -17.7231E-03 
                3.76              43.8557E-03        35.0006E-03       -43.8506E-03       -31.5883E-03       -74.4063E-06       -17.4552E-06       664.304E-06        -15.0738E-03 
                3.8               36.5306E-03        29.0996E-03       -36.5248E-03       -26.3125E-03       -65.6619E-06       -18.8874E-06       650.188E-06        -12.4273E-03 
                3.84              29.2123E-03        23.205E-03        -29.2052E-03       -21.0417E-03       -56.9247E-06       -20.261E-06        640.163E-06         -9.78353E-03
                3.88              21.9012E-03        17.3175E-03       -21.8919E-03       -15.7759E-03       -48.1946E-06       -21.5766E-06       634.217E-06         -7.1425E-03 
                3.92              14.5987E-03        11.4393E-03       -14.5849E-03       -10.5152E-03       -39.4714E-06       -22.8346E-06       632.337E-06         -4.5042E-03 
                3.96               7.31179E-03        5.58148E-03       -7.28414E-03       -5.25933E-03      -30.7551E-06       -24.0357E-06       634.512E-06         -1.86862E-03
                4.               641.194E-06        764.707E-06         10.3875E-06        -8.45012E-06      -22.0456E-06       -25.1802E-06       640.731E-06        764.245E-06  




