
                             _U:Magnitude PI:   _U:Magnitude PI:   _U:U1 PI: PART-1-  _U:U1 PI: PART-1-  _U:U2 PI: PART-1-  _U:U2 PI: PART-1-  _U:U3 PI: PART-1-  _U:U3 PI: PART-1-
                  X           PART-1-1 N: 333    PART-1-1 N: 359        1 N: 333           1 N: 359           1 N: 333           1 N: 359           1 N: 333           1 N: 359    

                0.                 0.                 0.                 0.                 0.                 0.                 0.                 0.                 0.         
               40.E-03             3.3708E-03         4.41368E-03        3.02749E-03        4.41366E-03        5.91561E-06        8.40155E-06        1.48209E-03        7.05196E-06
               80.E-03             6.73957E-03        8.8249E-03         6.05342E-03        8.82487E-03       11.8367E-06        16.7979E-06         2.96274E-03       15.6148E-06 
              120.E-03            10.1063E-03        13.2337E-03         9.0778E-03        13.2336E-03        17.763E-06         25.1891E-06         4.44197E-03       25.6858E-06 
              160.E-03            13.4711E-03        17.64E-03          12.1006E-03        17.6399E-03        23.6947E-06        33.5752E-06         5.91977E-03       37.2621E-06 
              200.E-03            16.8338E-03        22.0439E-03        15.1219E-03        22.0438E-03        29.6315E-06        41.9562E-06         7.39616E-03       50.3408E-06 
              240.E-03            20.1945E-03        26.4453E-03        18.1417E-03        26.4452E-03        35.5736E-06        50.3322E-06         8.87113E-03       64.9193E-06 
              280.E-03            23.5532E-03        30.8443E-03        21.1599E-03        30.8442E-03        41.5207E-06        58.7033E-06        10.3447E-03        80.9946E-06 
              320.E-03            26.91E-03          35.2409E-03        24.1766E-03        35.2407E-03        47.4728E-06        67.0694E-06        11.8169E-03        98.5641E-06 
              360.E-03            30.2647E-03        39.6351E-03        27.1917E-03        39.6349E-03        53.43E-06          75.4306E-06        13.2876E-03       117.625E-06  
              400.E-03            33.6175E-03        44.0269E-03        30.2054E-03        44.0266E-03        59.3921E-06        83.787E-06         14.757E-03        138.174E-06  
              440.E-03            36.9683E-03        48.4163E-03        33.2175E-03        48.4159E-03        65.359E-06         92.1387E-06        16.225E-03        160.21E-06   
              480.E-03            40.3172E-03        52.8032E-03        36.2282E-03        52.8028E-03        71.3308E-06       100.486E-06         17.6916E-03       183.729E-06  
              520.E-03            43.6641E-03        57.1878E-03        39.2373E-03        57.1873E-03        77.3074E-06       108.828E-06         19.1568E-03       208.728E-06  
              560.E-03            47.0091E-03        61.57E-03          42.2449E-03        61.5695E-03        83.2886E-06       117.165E-06         20.6207E-03       235.205E-06  
              600.E-03            50.3521E-03        65.9499E-03        45.251E-03         65.9492E-03        89.2745E-06       125.498E-06         22.0832E-03       263.156E-06  
              640.E-03            53.6932E-03        70.3273E-03        48.2557E-03        70.3266E-03        95.265E-06        133.827E-06         23.5443E-03       292.581E-06  
              680.E-03            57.0323E-03        74.7024E-03        51.2589E-03        74.7016E-03       101.26E-06         142.15E-06          25.0041E-03       323.475E-06  
              720.E-03            60.3695E-03        79.0751E-03        54.2605E-03        79.0742E-03       107.26E-06         150.47E-06          26.4625E-03       355.836E-06  
              760.E-03            63.7049E-03        83.4455E-03        57.2607E-03        83.4445E-03       113.264E-06        158.785E-06         27.9196E-03       389.662E-06  
              800.E-03            67.0383E-03        87.8136E-03        60.2595E-03        87.8124E-03       119.272E-06        167.095E-06         29.3753E-03       424.95E-06   
              840.E-03            70.3698E-03        92.1792E-03        63.2568E-03        92.1779E-03       125.285E-06        175.401E-06         30.8297E-03       461.697E-06  
              880.E-03            73.6994E-03        96.5426E-03        66.2526E-03        96.5411E-03       131.302E-06        183.703E-06         32.2828E-03       499.9E-06    
              920.E-03            77.0271E-03       100.904E-03         69.247E-03        100.902E-03        137.323E-06        192.001E-06         33.7346E-03       539.558E-06  
              960.E-03            80.353E-03        105.262E-03         72.2399E-03       105.261E-03        143.349E-06        200.294E-06         35.185E-03        580.667E-06  
                1.                83.677E-03        109.619E-03         75.2313E-03       109.617E-03        149.379E-06        208.583E-06         36.6341E-03       623.225E-06  
                1.04              80.3603E-03       105.265E-03         72.2416E-03       105.264E-03        143.033E-06        199.981E-06         35.1982E-03       590.347E-06  
                1.08              77.0416E-03       100.91E-03          69.2502E-03       100.908E-03        136.69E-06         191.374E-06         33.7609E-03       558.914E-06  
                1.12              73.7208E-03        96.5512E-03        66.2572E-03        96.5496E-03       130.35E-06         182.761E-06         32.3222E-03       528.929E-06  
                1.16              70.398E-03         92.1903E-03        63.2626E-03        92.1888E-03       124.013E-06        174.143E-06         30.8821E-03       500.394E-06  
                1.2               67.0731E-03        87.8267E-03        60.2664E-03        87.8253E-03       117.678E-06        165.519E-06         29.4406E-03       473.312E-06  
                1.24              63.7461E-03        83.4606E-03        57.2686E-03        83.4593E-03       111.346E-06        156.89E-06          27.9976E-03       447.686E-06  
                1.28              60.4171E-03        79.0919E-03        54.2691E-03        79.0907E-03       105.018E-06        148.255E-06         26.5532E-03       423.519E-06  
                1.32              57.0859E-03        74.7206E-03        51.268E-03         74.7194E-03        98.6922E-06       139.615E-06         25.1074E-03       400.813E-06  
                1.36              53.7527E-03        70.3467E-03        48.2653E-03        70.3456E-03        92.3696E-06       130.968E-06         23.6601E-03       379.573E-06  
                1.4               50.4173E-03        65.9703E-03        45.2609E-03        65.9692E-03        86.05E-06         122.317E-06         22.2114E-03       359.799E-06  
                1.44              47.0799E-03        61.5911E-03        42.2549E-03        61.5901E-03        79.7336E-06       113.659E-06         20.7613E-03       341.497E-06  
                1.48              43.7404E-03        57.2094E-03        39.2473E-03        57.2084E-03        73.4204E-06       104.995E-06         19.3096E-03       324.667E-06  
                1.52              40.3987E-03        52.8251E-03        36.238E-03         52.8241E-03        67.1103E-06        96.3255E-06        17.8566E-03       309.314E-06  
                1.56              37.0549E-03        48.4381E-03        33.227E-03         48.4371E-03        60.8036E-06        87.6501E-06        16.402E-03        295.44E-06   
                1.6               33.709E-03         44.0485E-03        30.2144E-03        44.0475E-03        54.5001E-06        78.9686E-06        14.946E-03        283.049E-06  
                1.64              30.3609E-03        39.6563E-03        27.2001E-03        39.6553E-03        48.2E-06           70.2811E-06        13.4885E-03       272.143E-06  
                1.68              27.0108E-03        35.2614E-03        24.1841E-03        35.2604E-03        41.9033E-06        61.5875E-06        12.0295E-03       262.725E-06  
                1.72              23.6585E-03        30.8639E-03        21.1665E-03        30.8628E-03        35.61E-06          52.8877E-06        10.569E-03        254.798E-06  
                1.76              20.3041E-03        26.4638E-03        18.1471E-03        26.4626E-03        29.3202E-06        44.1818E-06         9.10706E-03      248.366E-06  
                1.8               16.9477E-03        22.061E-03         15.1261E-03        22.0597E-03        23.034E-06         35.4696E-06         7.6436E-03       243.431E-06  
                1.84              13.5892E-03        17.6557E-03        12.1034E-03        17.6541E-03        16.7514E-06        26.7511E-06         6.17863E-03      239.996E-06  
                1.88              10.229E-03         13.248E-03          9.07894E-03       13.2458E-03        10.4724E-06        18.0263E-06         4.71214E-03      238.065E-06  
                1.92               6.86738E-03        8.83803E-03        6.0528E-03         8.83483E-03        4.19714E-06        9.29511E-06        3.24415E-03      237.641E-06  
                1.96               3.50708E-03        4.4276E-03         3.02495E-03        4.42116E-03       -2.07438E-06      557.457E-09          1.77463E-03      238.726E-06  
                2.               303.73E-06         241.509E-06         -4.61663E-06        4.77451E-06       -8.3421E-06        -8.1867E-06       303.58E-06         241.323E-06  
                2.04               3.25323E-03        4.42117E-03       -3.03591E-03       -4.41432E-03      -14.6059E-06       -16.9374E-06        -1.169E-03        245.437E-06  
                2.08               6.61955E-03        8.83974E-03       -6.06893E-03       -8.83614E-03      -20.8659E-06       -25.6947E-06        -2.64312E-03      251.069E-06  
                2.12               9.99211E-03       13.2632E-03        -9.10369E-03      -13.2607E-03       -27.1218E-06       -34.4587E-06        -4.11878E-03      258.224E-06  
                2.16              13.3679E-03        17.69E-03         -12.1402E-03       -17.688E-03        -33.3737E-06       -43.2294E-06        -5.59599E-03      266.904E-06  
                2.2               16.7463E-03        22.1198E-03       -15.1784E-03       -22.118E-03        -39.6216E-06       -52.0068E-06        -7.07476E-03      277.112E-06  
                2.24              20.1272E-03        26.5524E-03       -18.2184E-03       -26.5507E-03       -45.8652E-06       -60.7911E-06        -8.55509E-03      288.852E-06  
                2.28              23.5104E-03        30.9878E-03       -21.2602E-03       -30.9862E-03       -52.1047E-06       -69.5822E-06       -10.037E-03        302.127E-06  
                2.32              26.896E-03         35.426E-03        -24.3037E-03       -35.4245E-03       -58.3399E-06       -78.3803E-06       -11.5205E-03       316.94E-06   
                2.36              30.2839E-03        39.867E-03        -27.349E-03        -39.8656E-03       -64.5708E-06       -87.1854E-06       -13.0055E-03       333.294E-06  
                2.4               33.6741E-03        44.3109E-03       -30.396E-03        -44.3094E-03       -70.7972E-06       -95.9975E-06       -14.4921E-03       351.192E-06  
                2.44              37.0666E-03        48.7575E-03       -33.4448E-03       -48.756E-03        -77.0192E-06      -104.817E-06        -15.9804E-03       370.638E-06  
                2.48              40.4615E-03        53.2069E-03       -36.4955E-03       -53.2054E-03       -83.2367E-06      -113.643E-06        -17.4702E-03       391.636E-06  
                2.52              43.8587E-03        57.6591E-03       -39.5479E-03       -57.6575E-03       -89.4496E-06      -122.477E-06        -18.9616E-03       414.187E-06  
                2.56              47.2582E-03        62.1142E-03       -42.6021E-03       -62.1125E-03       -95.6578E-06      -131.317E-06        -20.4546E-03       438.296E-06  
                2.6               50.6601E-03        66.572E-03        -45.6581E-03       -66.5703E-03      -101.861E-06       -140.166E-06        -21.9493E-03       463.966E-06  
                2.64              54.0642E-03        71.0327E-03       -48.7159E-03       -71.0309E-03      -108.06E-06        -149.021E-06        -23.4455E-03       491.201E-06  
                2.68              57.4708E-03        75.4963E-03       -51.7755E-03       -75.4943E-03      -114.254E-06       -157.884E-06        -24.9434E-03       520.002E-06  
                2.72              60.8797E-03        79.9626E-03       -54.837E-03        -79.9605E-03      -120.443E-06       -166.755E-06        -26.4429E-03       550.375E-06  
                2.76              64.2909E-03        84.4318E-03       -57.9003E-03       -84.4296E-03      -126.627E-06       -175.633E-06        -27.9441E-03       582.322E-06  
                2.8               67.7046E-03        88.9039E-03       -60.9654E-03       -88.9015E-03      -132.805E-06       -184.518E-06        -29.4469E-03       615.847E-06  
                2.84              71.1206E-03        93.3788E-03       -64.0323E-03       -93.3763E-03      -138.979E-06       -193.412E-06        -30.9513E-03       650.952E-06  
                2.88              74.539E-03         97.8566E-03       -67.1011E-03       -97.8539E-03      -145.147E-06       -202.313E-06        -32.4574E-03       687.643E-06  
                2.92              77.9598E-03       102.337E-03        -70.1717E-03      -102.334E-03       -151.311E-06       -211.222E-06        -33.9652E-03       725.921E-06  
                2.96              81.383E-03        106.821E-03        -73.2442E-03      -106.818E-03       -157.468E-06       -220.139E-06        -35.4746E-03       765.79E-06   
                3.                84.8086E-03       111.307E-03        -76.3186E-03      -111.304E-03       -163.62E-06        -229.063E-06        -36.9857E-03       807.254E-06  
                3.04              81.3801E-03       106.824E-03        -73.2464E-03      -106.821E-03       -157.822E-06       -220.482E-06        -35.4636E-03       775.468E-06  
                3.08              77.9538E-03       102.343E-03        -70.1758E-03      -102.34E-03        -152.016E-06       -211.908E-06        -33.943E-03        745.273E-06  
                3.12              74.5298E-03        97.8643E-03       -67.107E-03        -97.8615E-03      -146.203E-06       -203.34E-06         -32.424E-03        716.664E-06  
                3.16              71.1079E-03        93.3886E-03       -64.0398E-03       -93.3859E-03      -140.383E-06       -194.779E-06        -30.9066E-03       689.641E-06  
                3.2               67.6883E-03        88.9155E-03       -60.9743E-03       -88.9129E-03      -134.556E-06       -186.224E-06        -29.3908E-03       664.198E-06  
                3.24              64.2708E-03        84.4451E-03       -57.9105E-03       -84.4425E-03      -128.723E-06       -177.675E-06        -27.8765E-03       640.333E-06  
                3.28              60.8556E-03        79.9772E-03       -54.8484E-03       -79.9747E-03      -122.882E-06       -169.133E-06        -26.3637E-03       618.044E-06  
                3.32              57.4426E-03        75.512E-03        -51.7879E-03       -75.5094E-03      -117.036E-06       -160.597E-06        -24.8525E-03       597.326E-06  
                3.36              54.0317E-03        71.0493E-03       -48.7291E-03       -71.0468E-03      -111.182E-06       -152.067E-06        -23.3429E-03       578.176E-06  
                3.4               50.623E-03         66.5893E-03       -45.6719E-03       -66.5867E-03      -105.322E-06       -143.544E-06        -21.8348E-03       560.593E-06  
                3.44              47.2165E-03        62.1318E-03       -42.6164E-03       -62.1293E-03       -99.4557E-06      -135.026E-06        -20.3282E-03       544.572E-06  
                3.48              43.8122E-03        57.6769E-03       -39.5625E-03       -57.6743E-03       -93.5831E-06      -126.514E-06        -18.8231E-03       530.11E-06   
                3.52              40.4101E-03        53.2246E-03       -36.5103E-03       -53.2219E-03       -87.7042E-06      -118.009E-06        -17.3195E-03       517.205E-06  
                3.56              37.0101E-03        48.7749E-03       -33.4597E-03       -48.7721E-03       -81.8191E-06      -109.509E-06        -15.8175E-03       505.854E-06  
                3.6               33.6124E-03        44.3277E-03       -30.4107E-03       -44.3248E-03       -75.928E-06       -101.015E-06        -14.3169E-03       496.053E-06  
                3.64              30.2168E-03        39.8832E-03       -27.3634E-03       -39.8801E-03       -70.0308E-06       -92.5274E-06       -12.8178E-03       487.799E-06  
                3.68              26.8235E-03        35.4412E-03       -24.3176E-03       -35.4379E-03       -64.1277E-06       -84.0452E-06       -11.3203E-03       481.09E-06   
                3.72              23.4325E-03        31.0019E-03       -21.2735E-03       -30.9982E-03       -58.2187E-06       -75.5687E-06        -9.82421E-03      475.923E-06  
                3.76              20.0438E-03        26.5653E-03       -18.231E-03        -26.561E-03        -52.3039E-06       -67.0979E-06        -8.32961E-03      472.294E-06  
                3.8               16.6577E-03        22.1314E-03       -15.1901E-03       -22.1263E-03       -46.3834E-06       -58.6327E-06        -6.83649E-03      470.201E-06  
                3.84              13.2744E-03        17.7005E-03       -12.1507E-03       -17.6942E-03       -40.4572E-06       -50.1731E-06        -5.34484E-03      469.64E-06   
                3.88               9.89475E-03       13.2729E-03        -9.11298E-03      -13.2645E-03       -34.5255E-06       -41.719E-06         -3.85465E-03      470.609E-06  
                3.92               6.52121E-03        8.85005E-03       -6.07682E-03       -8.83733E-03      -28.5881E-06       -33.2704E-06        -2.36593E-03      473.105E-06  
                3.96               3.16666E-03        4.43844E-03       -3.04224E-03       -4.41265E-03      -22.6454E-06       -24.8272E-06      -878.651E-06        477.126E-06  
                4.               607.476E-06        483.04E-06          -9.22942E-06        9.55282E-06      -16.6972E-06       -16.3893E-06       607.176E-06        482.667E-06  




