
                             _U:Magnitude PI:   _U:Magnitude PI:   _U:U1 PI: PART-1-  _U:U1 PI: PART-1-  _U:U2 PI: PART-1-  _U:U2 PI: PART-1-  _U:U3 PI: PART-1-  _U:U3 PI: PART-1-
                  X           PART-1-1 N: 333    PART-1-1 N: 359        1 N: 333           1 N: 359           1 N: 333           1 N: 359           1 N: 333           1 N: 359    

                0.                 0.                 0.                 0.                 0.                 0.                 0.                 0.                 0.         
               40.E-03             1.68696E-03        2.20721E-03        1.5139E-03         2.2072E-03         2.87387E-06        4.11972E-06      744.266E-06          5.75009E-06
               80.E-03             3.37344E-03        4.41384E-03        3.02744E-03        4.41382E-03        5.74928E-06        8.23828E-06        1.48818E-03       11.8783E-06 
              120.E-03             5.05943E-03        6.61989E-03        4.5406E-03         6.61985E-03        8.62623E-06       12.3557E-06         2.23176E-03       18.3843E-06 
              160.E-03             6.74494E-03        8.82535E-03        6.05339E-03        8.8253E-03        11.5047E-06        16.472E-06          2.97498E-03       25.2678E-06 
              200.E-03             8.42996E-03       11.0302E-03         7.56582E-03       11.0302E-03        14.3847E-06        20.5871E-06         3.71786E-03       32.5284E-06 
              240.E-03            10.1145E-03        13.2345E-03         9.07787E-03       13.2344E-03        17.2662E-06        24.7011E-06         4.46039E-03       40.1657E-06 
              280.E-03            11.7986E-03        15.4382E-03        10.5896E-03        15.4381E-03        20.1493E-06        28.814E-06          5.20258E-03       48.1796E-06 
              320.E-03            13.4821E-03        17.6414E-03        12.1009E-03        17.6413E-03        23.0338E-06        32.9257E-06         5.94443E-03       56.5695E-06 
              360.E-03            15.1652E-03        19.8439E-03        13.6118E-03        19.8438E-03        25.9198E-06        37.0364E-06         6.68593E-03       65.3352E-06 
              400.E-03            16.8479E-03        22.0459E-03        15.1224E-03        22.0458E-03        28.8073E-06        41.1459E-06         7.42709E-03       74.4764E-06 
              440.E-03            18.53E-03          24.2473E-03        16.6327E-03        24.2471E-03        31.6962E-06        45.2544E-06         8.1679E-03        83.9927E-06 
              480.E-03            20.2117E-03        26.4481E-03        18.1425E-03        26.4479E-03        34.5867E-06        49.3617E-06         8.90838E-03       93.8838E-06 
              520.E-03            21.8929E-03        28.6484E-03        19.652E-03         28.6481E-03        37.4785E-06        53.4679E-06         9.64852E-03      104.149E-06  
              560.E-03            23.5736E-03        30.8481E-03        21.1612E-03        30.8478E-03        40.3719E-06        57.5731E-06        10.3883E-03       114.789E-06  
              600.E-03            25.2538E-03        33.0472E-03        22.6699E-03        33.0469E-03        43.2667E-06        61.6772E-06        11.1278E-03       125.802E-06  
              640.E-03            26.9336E-03        35.2457E-03        24.1783E-03        35.2453E-03        46.1629E-06        65.7802E-06        11.8669E-03       137.189E-06  
              680.E-03            28.6129E-03        37.4436E-03        25.6864E-03        37.4433E-03        49.0605E-06        69.8821E-06        12.6057E-03       148.949E-06  
              720.E-03            30.2917E-03        39.641E-03         27.1941E-03        39.6406E-03        51.9596E-06        73.9829E-06        13.3441E-03       161.082E-06  
              760.E-03            31.97E-03          41.8378E-03        28.7014E-03        41.8374E-03        54.86E-06          78.0828E-06        14.0822E-03       173.588E-06  
              800.E-03            33.6479E-03        44.034E-03         30.2084E-03        44.0336E-03        57.7619E-06        82.1815E-06        14.82E-03         186.465E-06  
              840.E-03            35.3253E-03        46.2297E-03        31.715E-03         46.2292E-03        60.6652E-06        86.2792E-06        15.5574E-03       199.715E-06  
              880.E-03            37.0023E-03        48.4248E-03        33.2213E-03        48.4242E-03        63.5699E-06        90.3758E-06        16.2945E-03       213.335E-06  
              920.E-03            38.6787E-03        50.6193E-03        34.7272E-03        50.6187E-03        66.4759E-06        94.4715E-06        17.0313E-03       227.328E-06  
              960.E-03            40.3547E-03        52.8133E-03        36.2327E-03        52.8126E-03        69.3833E-06        98.5661E-06        17.7677E-03       241.69E-06   
                1.                42.0303E-03        55.0067E-03        37.7379E-03        55.006E-03         72.2921E-06       102.66E-06          18.5038E-03       256.424E-06  
                1.04              40.361E-03         52.815E-03         36.2335E-03        52.8143E-03        69.0587E-06        98.246E-06         17.7804E-03       251.351E-06  
                1.08              38.6912E-03        50.6226E-03        34.7286E-03        50.6219E-03        65.8259E-06        93.8309E-06        17.0566E-03       246.647E-06  
                1.12              37.0208E-03        48.4295E-03        33.2233E-03        48.4288E-03        62.5937E-06        89.414E-06         16.3325E-03       242.313E-06  
                1.16              35.3499E-03        46.2357E-03        31.7176E-03        46.235E-03         59.3622E-06        84.9955E-06        15.6079E-03       238.35E-06   
                1.2               33.6784E-03        44.0413E-03        30.2114E-03        44.0406E-03        56.1313E-06        80.5753E-06        14.883E-03        234.757E-06  
                1.24              32.0064E-03        41.8461E-03        28.7048E-03        41.8454E-03        52.901E-06         76.1535E-06        14.1577E-03       231.535E-06  
                1.28              30.3338E-03        39.6503E-03        27.1978E-03        39.6495E-03        49.6715E-06        71.73E-06          13.432E-03        228.684E-06  
                1.32              28.6606E-03        37.4537E-03        25.6903E-03        37.453E-03         46.4425E-06        67.3048E-06        12.7059E-03       226.205E-06  
                1.36              26.9869E-03        35.2565E-03        24.1824E-03        35.2558E-03        43.2143E-06        62.878E-06         11.9795E-03       224.098E-06  
                1.4               25.3127E-03        33.0586E-03        22.674E-03         33.0578E-03        39.9867E-06        58.4494E-06        11.2526E-03       222.364E-06  
                1.44              23.6379E-03        30.86E-03          21.1652E-03        30.8592E-03        36.7598E-06        54.0191E-06        10.5254E-03       221.002E-06  
                1.48              21.9626E-03        28.6607E-03        19.656E-03         28.6599E-03        33.5336E-06        49.5872E-06         9.7978E-03       220.014E-06  
                1.52              20.2867E-03        26.4608E-03        18.1463E-03        26.4598E-03        30.3081E-06        45.1535E-06         9.06981E-03      219.4E-06    
                1.56              18.6103E-03        24.2601E-03        16.6361E-03        24.2591E-03        27.0833E-06        40.7181E-06         8.34143E-03      219.16E-06   
                1.6               16.9333E-03        22.0588E-03        15.1256E-03        22.0577E-03        23.8592E-06        36.281E-06          7.61267E-03      219.294E-06  
                1.64              15.2558E-03        19.8568E-03        13.6146E-03        19.8556E-03        20.6358E-06        31.8421E-06         6.88351E-03      219.803E-06  
                1.68              13.5778E-03        17.6541E-03        12.1031E-03        17.6527E-03        17.4131E-06        27.4015E-06         6.15397E-03      220.688E-06  
                1.72              11.8993E-03        15.4508E-03        10.5912E-03        15.4492E-03        14.1911E-06        22.9592E-06         5.42404E-03      221.948E-06  
                1.76              10.2204E-03        13.2469E-03         9.07886E-03       13.245E-03         10.9698E-06        18.5151E-06         4.69372E-03      223.584E-06  
                1.8                8.54113E-03       11.0423E-03         7.56607E-03       11.04E-03           7.74931E-06       14.0692E-06         3.96301E-03      225.597E-06  
                1.84               6.86163E-03        8.83734E-03        6.05283E-03        8.8344E-03         4.52953E-06        9.62159E-06        3.23191E-03      227.987E-06  
                1.88               5.18227E-03        6.63207E-03        4.53914E-03        6.62805E-03        1.3105E-06         5.17219E-06        2.50042E-03      230.754E-06  
                1.92               3.50405E-03        4.42718E-03        3.025E-03          4.421E-03         -1.90779E-06      721.012E-09          1.76853E-03      233.899E-06  
                1.96               1.83172E-03        2.22594E-03        1.51042E-03        2.21324E-03       -5.12532E-06       -3.73195E-06        1.03625E-03      237.422E-06  
                2.               303.728E-06        241.509E-06         -4.61741E-06        4.7726E-06        -8.34208E-06       -8.18671E-06      303.578E-06        241.323E-06  
                2.04               1.57966E-03        2.21808E-03       -1.5201E-03        -2.2044E-03       -11.5581E-06       -12.6433E-06      -429.49E-06         245.604E-06  
                2.08               3.25119E-03        4.42141E-03       -3.03604E-03       -4.41429E-03      -14.7733E-06       -17.1016E-06        -1.16295E-03      250.264E-06  
                2.12               4.93182E-03        6.62984E-03       -4.55243E-03       -6.62488E-03      -17.9877E-06       -21.5618E-06        -1.89681E-03      255.303E-06  
                2.16               6.61506E-03        8.84007E-03       -6.06927E-03       -8.83619E-03      -21.2014E-06       -26.0238E-06        -2.63107E-03      260.723E-06  
                2.2                8.29968E-03       11.0515E-03        -7.58657E-03      -11.0482E-03       -24.4142E-06       -30.4877E-06        -3.36572E-03      266.523E-06  
                2.24               9.98528E-03       13.2638E-03        -9.10432E-03      -13.2609E-03       -27.6263E-06       -34.9533E-06        -4.10077E-03      272.704E-06  
                2.28              11.6717E-03        15.477E-03        -10.6225E-03       -15.4744E-03       -30.8375E-06       -39.4208E-06        -4.83623E-03      279.267E-06  
                2.32              13.3588E-03        17.6909E-03       -12.1412E-03       -17.6885E-03       -34.048E-06        -43.8902E-06        -5.57208E-03      286.212E-06  
                2.36              15.0466E-03        19.9056E-03       -13.6603E-03       -19.9034E-03       -37.2576E-06       -48.3614E-06        -6.30833E-03      293.538E-06  
                2.4               16.7351E-03        22.1211E-03       -15.1799E-03       -22.119E-03        -40.4663E-06       -52.8345E-06        -7.04498E-03      301.248E-06  
                2.44              18.4241E-03        24.3374E-03       -16.6999E-03       -24.3353E-03       -43.6743E-06       -57.3095E-06        -7.78203E-03      309.34E-06   
                2.48              20.1138E-03        26.5543E-03       -18.2204E-03       -26.5524E-03       -46.8814E-06       -61.7863E-06        -8.51949E-03      317.816E-06  
                2.52              21.8042E-03        28.772E-03        -19.7414E-03       -28.7701E-03       -50.0876E-06       -66.265E-06         -9.25735E-03      326.676E-06  
                2.56              23.4951E-03        30.9905E-03       -21.2628E-03       -30.9886E-03       -53.293E-06        -70.7456E-06        -9.99561E-03      335.92E-06   
                2.6               25.1867E-03        33.2096E-03       -22.7846E-03       -33.2078E-03       -56.4975E-06       -75.2281E-06       -10.7343E-03       345.549E-06  
                2.64              26.8788E-03        35.4295E-03       -24.307E-03        -35.4277E-03       -59.7012E-06       -79.7126E-06       -11.4734E-03       355.562E-06  
                2.68              28.5716E-03        37.6502E-03       -25.8298E-03       -37.6483E-03       -62.9039E-06       -84.1989E-06       -12.2128E-03       365.962E-06  
                2.72              30.2649E-03        39.8715E-03       -27.353E-03        -39.8696E-03       -66.1058E-06       -88.6871E-06       -12.9527E-03       376.748E-06  
                2.76              31.9589E-03        42.0936E-03       -28.8767E-03       -42.0917E-03       -69.3068E-06       -93.1773E-06       -13.693E-03        387.919E-06  
                2.8               33.6534E-03        44.3164E-03       -30.4009E-03       -44.3145E-03       -72.5069E-06       -97.6694E-06       -14.4337E-03       399.478E-06  
                2.84              35.3486E-03        46.54E-03         -31.9256E-03       -46.5381E-03       -75.7061E-06      -102.164E-06        -15.1748E-03       411.424E-06  
                2.88              37.0444E-03        48.7643E-03       -33.4507E-03       -48.7623E-03       -78.9044E-06      -106.66E-06         -15.9164E-03       423.758E-06  
                2.92              38.7407E-03        50.9893E-03       -34.9763E-03       -50.9873E-03       -82.1017E-06      -111.158E-06        -16.6583E-03       436.48E-06   
                2.96              40.4377E-03        53.215E-03        -36.5023E-03       -53.213E-03        -85.2981E-06      -115.657E-06        -17.4006E-03       449.59E-06   
                3.                42.1353E-03        55.4415E-03       -38.0288E-03       -55.4394E-03       -88.4936E-06      -120.159E-06        -18.1434E-03       463.09E-06   
                3.04              40.4338E-03        53.2164E-03       -36.5035E-03       -53.2143E-03       -85.6418E-06      -115.993E-06        -17.389E-03        459.249E-06  
                3.08              38.7327E-03        50.9919E-03       -34.9785E-03       -50.9897E-03       -82.7882E-06      -111.829E-06        -16.6351E-03       455.797E-06  
                3.12              37.0323E-03        48.768E-03        -33.4539E-03       -48.7658E-03       -79.9329E-06      -107.665E-06        -15.8814E-03       452.733E-06  
                3.16              35.3323E-03        46.5447E-03       -31.9297E-03       -46.5424E-03       -77.0759E-06      -103.503E-06        -15.1282E-03       450.055E-06  
                3.2               33.6329E-03        44.322E-03        -30.4058E-03       -44.3197E-03       -74.2172E-06       -99.3421E-06       -14.3753E-03       447.765E-06  
                3.24              31.934E-03         42.1E-03          -28.8824E-03       -42.0975E-03       -71.3568E-06       -95.1825E-06       -13.6228E-03       445.861E-06  
                3.28              30.2356E-03        39.8786E-03       -27.3593E-03       -39.876E-03        -68.4946E-06       -91.0243E-06       -12.8706E-03       444.344E-06  
                3.32              28.5377E-03        37.6578E-03       -25.8366E-03       -37.6551E-03       -65.6308E-06       -86.8673E-06       -12.1188E-03       443.212E-06  
                3.36              26.8404E-03        35.4376E-03       -24.3144E-03       -35.4347E-03       -62.7653E-06       -82.7116E-06       -11.3674E-03       442.466E-06  
                3.4               25.1437E-03        33.218E-03        -22.7924E-03       -33.215E-03        -59.8982E-06       -78.5572E-06       -10.6163E-03       442.105E-06  
                3.44              23.4475E-03        30.9991E-03       -21.2709E-03       -30.9958E-03       -57.0293E-06       -74.404E-06         -9.86558E-03      442.128E-06  
                3.48              21.7519E-03        28.7808E-03       -19.7498E-03       -28.7773E-03       -54.1589E-06       -70.2521E-06        -9.11522E-03      442.536E-06  
                3.52              20.0568E-03        26.5632E-03       -18.229E-03        -26.5594E-03       -51.2868E-06       -66.1015E-06        -8.36521E-03      443.329E-06  
                3.56              18.3624E-03        24.3462E-03       -16.7086E-03       -24.342E-03        -48.4131E-06       -61.9521E-06        -7.61556E-03      444.505E-06  
                3.6               16.6686E-03        22.1298E-03       -15.1886E-03       -22.1253E-03       -45.5377E-06       -57.8039E-06        -6.86627E-03      446.064E-06  
                3.64              14.9755E-03        19.9142E-03       -13.669E-03        -19.9091E-03       -42.6608E-06       -53.657E-06         -6.11734E-03      448.006E-06  
                3.68              13.2831E-03        17.6994E-03       -12.1497E-03       -17.6936E-03       -39.7822E-06       -49.5113E-06        -5.36876E-03      450.331E-06  
                3.72              11.5916E-03        15.4853E-03       -10.6308E-03       -15.4786E-03       -36.9021E-06       -45.3668E-06        -4.62053E-03      453.039E-06  
                3.76               9.90119E-03       13.2721E-03        -9.11235E-03      -13.2642E-03       -34.0204E-06       -41.2236E-06        -3.87266E-03      456.128E-06  
                3.8                8.21217E-03       11.0601E-03        -7.59422E-03      -11.0505E-03       -31.137E-06        -37.0815E-06        -3.12514E-03      459.599E-06  
                3.84               6.52527E-03        8.84948E-03       -6.07648E-03       -8.83728E-03      -28.2522E-06       -32.9407E-06        -2.37798E-03      463.451E-06  
                3.88               4.84219E-03        6.64124E-03       -4.5591E-03        -6.62469E-03      -25.3658E-06       -28.8011E-06        -1.63116E-03      467.685E-06  
                3.92               3.16822E-03        4.43795E-03       -3.04211E-03       -4.41268E-03      -22.4778E-06       -24.6626E-06      -884.698E-06        472.299E-06  
                3.96               1.53189E-03        2.25251E-03       -1.52548E-03       -2.20127E-03      -19.5883E-06       -20.5254E-06      -138.585E-06        477.293E-06  
                4.               607.478E-06        483.04E-06          -9.22869E-06        9.55464E-06      -16.6972E-06       -16.3893E-06       607.178E-06        482.667E-06  




