
                             _U:Magnitude PI:   _U:Magnitude PI:   _U:U1 PI: PART-1-  _U:U1 PI: PART-1-  _U:U2 PI: PART-1-  _U:U2 PI: PART-1-  _U:U3 PI: PART-1-  _U:U3 PI: PART-1-
                  X           PART-1-1 N: 231    PART-1-1 N: 257        1 N: 231           1 N: 257           1 N: 231           1 N: 257           1 N: 231           1 N: 257    

                0.                 0.                 0.                 0.                 0.                 0.                 0.                 0.                 0.         
               40.E-03             1.77545E-03        2.31707E-03        1.59817E-03        2.31706E-03     -544.138E-09       -129.268E-09        773.347E-06          5.47807E-06
               80.E-03             3.55037E-03        4.63351E-03        3.19593E-03        4.6335E-03        -1.08352E-06     -257.723E-09          1.54633E-03       11.3561E-06 
              120.E-03             5.32477E-03        6.94932E-03        4.79329E-03        6.9493E-03        -1.61818E-06     -385.364E-09          2.31894E-03       17.6336E-06 
              160.E-03             7.09864E-03        9.26451E-03        6.39024E-03        9.26448E-03       -2.14814E-06     -512.193E-09          3.0912E-03        24.3103E-06 
              200.E-03             8.872E-03         11.5791E-03         7.98679E-03       11.579E-03         -2.67341E-06     -638.211E-09          3.86309E-03       31.3859E-06 
              240.E-03            10.6448E-03        13.893E-03          9.58294E-03       13.893E-03         -3.194E-06       -763.417E-09          4.63461E-03       38.8599E-06 
              280.E-03            12.4171E-03        16.2063E-03        11.1787E-03        16.2063E-03        -3.70995E-06     -887.813E-09          5.40578E-03       46.7319E-06 
              320.E-03            14.1889E-03        18.519E-03         12.774E-03         18.5189E-03        -4.22127E-06       -1.0114E-06         6.17658E-03       55.0017E-06 
              360.E-03            15.9602E-03        20.8311E-03        14.369E-03         20.831E-03         -4.72797E-06       -1.13417E-06        6.94702E-03       63.6688E-06 
              400.E-03            17.731E-03         23.1425E-03        15.9635E-03        23.1424E-03        -5.23008E-06       -1.25614E-06        7.7171E-03        72.7329E-06 
              440.E-03            19.5012E-03        25.4534E-03        17.5577E-03        25.4532E-03        -5.72762E-06       -1.3773E-06         8.48682E-03       82.1936E-06 
              480.E-03            21.271E-03         27.7636E-03        19.1514E-03        27.7634E-03        -6.2206E-06        -1.49765E-06        9.25619E-03       92.0506E-06 
              520.E-03            23.0402E-03        30.0732E-03        20.7448E-03        30.073E-03         -6.70904E-06       -1.6172E-06        10.0252E-03       102.303E-06  
              560.E-03            24.8089E-03        32.3822E-03        22.3377E-03        32.382E-03         -7.19296E-06       -1.73593E-06       10.7938E-03       112.952E-06  
              600.E-03            26.5771E-03        34.6905E-03        23.9303E-03        34.6903E-03        -7.67239E-06       -1.85387E-06       11.5621E-03       123.995E-06  
              640.E-03            28.3448E-03        36.9983E-03        25.5224E-03        36.998E-03         -8.14733E-06       -1.97099E-06       12.3301E-03       135.434E-06  
              680.E-03            30.1119E-03        39.3054E-03        27.1142E-03        39.3051E-03        -8.61781E-06       -2.08732E-06       13.0977E-03       147.267E-06  
              720.E-03            31.8786E-03        41.6119E-03        28.7056E-03        41.6116E-03        -9.08384E-06       -2.20283E-06       13.8649E-03       159.493E-06  
              760.E-03            33.6447E-03        43.9178E-03        30.2965E-03        43.9175E-03        -9.54545E-06       -2.31755E-06       14.6318E-03       172.114E-06  
              800.E-03            35.4104E-03        46.2231E-03        31.8871E-03        46.2227E-03       -10.0026E-06        -2.43146E-06       15.3983E-03       185.128E-06  
              840.E-03            37.1755E-03        48.5277E-03        33.4773E-03        48.5273E-03       -10.4554E-06        -2.54457E-06       16.1644E-03       198.535E-06  
              880.E-03            38.9402E-03        50.8318E-03        35.0671E-03        50.8314E-03       -10.9039E-06        -2.65688E-06       16.9303E-03       212.335E-06  
              920.E-03            40.7043E-03        53.1353E-03        36.6565E-03        53.1348E-03       -11.3479E-06        -2.76839E-06       17.6957E-03       226.527E-06  
              960.E-03            42.4679E-03        55.4381E-03        38.2455E-03        55.4376E-03       -11.7877E-06        -2.87909E-06       18.4608E-03       241.111E-06  
                1.                44.231E-03         57.7403E-03        39.8341E-03        57.7398E-03       -12.2231E-06        -2.989E-06         19.2256E-03       256.086E-06  
                1.04              42.474E-03         55.4395E-03        38.246E-03         55.4389E-03       -11.858E-06         -2.89868E-06       18.4738E-03       251.162E-06  
                1.08              40.7164E-03        53.1379E-03        36.6575E-03        53.1373E-03       -11.4886E-06        -2.80753E-06       17.7217E-03       246.628E-06  
                1.12              38.9583E-03        50.8356E-03        35.0684E-03        50.835E-03        -11.115E-06         -2.71557E-06       16.9691E-03       242.485E-06  
                1.16              37.1995E-03        48.5326E-03        33.4789E-03        48.532E-03        -10.7372E-06        -2.62279E-06       16.2162E-03       238.733E-06  
                1.2               35.4402E-03        46.2288E-03        31.889E-03         46.2282E-03       -10.355E-06         -2.52918E-06       15.4628E-03       235.374E-06  
                1.24              33.6802E-03        43.9243E-03        30.2985E-03        43.9237E-03        -9.96852E-06       -2.43476E-06       14.7091E-03       232.406E-06  
                1.28              31.9197E-03        41.6191E-03        28.7076E-03        41.6185E-03        -9.57771E-06       -2.33951E-06       13.955E-03        229.832E-06  
                1.32              30.1586E-03        39.3131E-03        27.1162E-03        39.3125E-03        -9.18256E-06       -2.24344E-06       13.2004E-03       227.65E-06   
                1.36              28.3969E-03        37.0064E-03        25.5243E-03        37.0058E-03        -8.78305E-06       -2.14654E-06       12.4455E-03       225.862E-06  
                1.4               26.6346E-03        34.699E-03         23.932E-03         34.6983E-03        -8.37915E-06       -2.04882E-06       11.6901E-03       224.468E-06  
                1.44              24.8717E-03        32.3909E-03        22.3392E-03        32.3901E-03        -7.97086E-06       -1.95028E-06       10.9344E-03       223.469E-06  
                1.48              23.1082E-03        30.082E-03         20.7459E-03        30.0812E-03        -7.55814E-06       -1.85091E-06       10.1782E-03       222.864E-06  
                1.52              21.3441E-03        27.7724E-03        19.1521E-03        27.7715E-03        -7.14099E-06       -1.75071E-06        9.42167E-03      222.655E-06  
                1.56              19.5795E-03        25.462E-03         17.5579E-03        25.4611E-03        -6.71939E-06       -1.64968E-06        8.66471E-03      222.841E-06  
                1.6               17.8143E-03        23.151E-03         15.9632E-03        23.1499E-03        -6.29331E-06       -1.54782E-06        7.90735E-03      223.423E-06  
                1.64              16.0485E-03        20.8392E-03        14.368E-03         20.838E-03         -5.86274E-06       -1.44514E-06        7.14958E-03      224.402E-06  
                1.68              14.2822E-03        18.5267E-03        12.7723E-03        18.5254E-03        -5.42766E-06       -1.34162E-06        6.39141E-03      225.778E-06  
                1.72              12.5154E-03        16.2136E-03        11.1762E-03        16.212E-03         -4.98804E-06       -1.23727E-06        5.63282E-03      227.551E-06  
                1.76              10.7481E-03        13.8997E-03         9.57952E-03       13.8978E-03        -4.54388E-06       -1.13209E-06        4.87383E-03      229.722E-06  
                1.8                8.98039E-03       11.5853E-03         7.98241E-03       11.5829E-03        -4.09515E-06       -1.02608E-06        4.11443E-03      232.292E-06  
                1.84               7.21244E-03        9.27029E-03        6.38481E-03        9.26731E-03       -3.64183E-06     -919.229E-09          3.35462E-03      235.26E-06   
                1.88               5.44461E-03        6.95502E-03        4.78674E-03        6.95093E-03       -3.1839E-06      -811.548E-09          2.5944E-03       238.627E-06  
                1.92               3.67793E-03        4.64013E-03        3.18818E-03        4.6338E-03        -2.72135E-06     -703.031E-09          1.83377E-03      242.394E-06  
                1.96               1.91731E-03        2.329E-03          1.58913E-03        2.31592E-03       -2.25415E-06     -593.678E-09          1.07272E-03      246.561E-06  
                2.               311.447E-06        251.144E-06        -10.3977E-06        -2.71516E-06       -1.78229E-06     -483.488E-09        311.268E-06        251.128E-06  
                2.04               1.67227E-03        2.33618E-03       -1.61041E-03       -2.3221E-03        -1.30574E-06     -372.46E-09        -450.601E-06        256.097E-06  
                2.08               3.43235E-03        4.64959E-03       -3.21091E-03       -4.64223E-03     -824.483E-09       -260.594E-09         -1.21288E-03      261.466E-06  
                2.12               5.20166E-03        6.96825E-03       -4.8119E-03        -6.96312E-03     -338.503E-09       -147.889E-09         -1.97558E-03      267.238E-06  
                2.16               6.97365E-03        9.28879E-03       -6.41338E-03       -9.28477E-03      152.223E-09        -34.3433E-09        -2.73869E-03      273.411E-06  
                2.2                8.74707E-03       11.6105E-03        -8.01534E-03      -11.6072E-03       647.715E-09         80.0429E-09        -3.50222E-03      279.988E-06  
                2.24              10.5215E-03        13.9333E-03        -9.61779E-03      -13.9303E-03         1.14799E-06      195.271E-09         -4.26617E-03      286.967E-06  
                2.28              12.2968E-03        16.2569E-03       -11.2207E-03       -16.2542E-03         1.65308E-06      311.341E-09         -5.03053E-03      294.35E-06   
                2.32              14.0728E-03        18.5814E-03       -12.8242E-03       -18.5789E-03         2.16299E-06      428.254E-09         -5.79531E-03      302.137E-06  
                2.36              15.8496E-03        20.9066E-03       -14.4281E-03       -20.9043E-03         2.67775E-06      546.011E-09         -6.56051E-03      310.329E-06  
                2.4               17.6271E-03        23.2327E-03       -16.0325E-03       -23.2305E-03         3.19737E-06      664.613E-09         -7.32614E-03      318.926E-06  
                2.44              19.4052E-03        25.5596E-03       -17.6374E-03       -25.5575E-03         3.72189E-06      784.06E-09          -8.09218E-03      327.927E-06  
                2.48              21.184E-03         27.8872E-03       -19.2428E-03       -27.8852E-03         4.25131E-06      904.354E-09         -8.85864E-03      337.335E-06  
                2.52              22.9635E-03        30.2157E-03       -20.8487E-03       -30.2137E-03         4.78567E-06        1.02549E-06       -9.62552E-03      347.149E-06  
                2.56              24.7436E-03        32.5449E-03       -22.4551E-03       -32.5429E-03         5.32498E-06        1.14748E-06      -10.3928E-03       357.37E-06   
                2.6               26.5243E-03        34.8748E-03       -24.062E-03        -34.8729E-03         5.86926E-06        1.27032E-06      -11.1606E-03       367.998E-06  
                2.64              28.3057E-03        37.2056E-03       -25.6694E-03       -37.2037E-03         6.41854E-06        1.39401E-06      -11.9287E-03       379.033E-06  
                2.68              30.0877E-03        39.5371E-03       -27.2773E-03       -39.5352E-03         6.97284E-06        1.51854E-06      -12.6973E-03       390.477E-06  
                2.72              31.8704E-03        41.8694E-03       -28.8857E-03       -41.8675E-03         7.53217E-06        1.64393E-06      -13.4663E-03       402.329E-06  
                2.76              33.6537E-03        44.2025E-03       -30.4945E-03       -44.2006E-03         8.09656E-06        1.77017E-06      -14.2357E-03       414.591E-06  
                2.8               35.4377E-03        46.5364E-03       -32.1039E-03       -46.5344E-03         8.66604E-06        1.89726E-06      -15.0056E-03       427.262E-06  
                2.84              37.2223E-03        48.871E-03        -33.7138E-03       -48.869E-03          9.24062E-06        2.0252E-06       -15.7759E-03       440.342E-06  
                2.88              39.0076E-03        51.2064E-03       -35.3242E-03       -51.2044E-03         9.82033E-06        2.154E-06        -16.5466E-03       453.834E-06  
                2.92              40.7934E-03        53.5426E-03       -36.9351E-03       -53.5405E-03        10.4052E-06         2.28365E-06      -17.3178E-03       467.736E-06  
                2.96              42.58E-03          55.8795E-03       -38.5465E-03       -55.8775E-03        10.9952E-06         2.41416E-06      -18.0893E-03       482.049E-06  
                3.                44.3672E-03        58.2173E-03       -40.1584E-03       -58.2152E-03        11.5904E-06         2.54553E-06      -18.8613E-03       496.775E-06  
                3.04              42.5762E-03        55.8812E-03       -38.5478E-03       -55.879E-03         10.9229E-06         2.39508E-06      -18.0774E-03       492.102E-06  
                3.08              40.7857E-03        53.5458E-03       -36.9377E-03       -53.5436E-03        10.2607E-06         2.24546E-06      -17.2939E-03       487.839E-06  
                3.12              38.9959E-03        51.2111E-03       -35.3281E-03       -51.2088E-03         9.60374E-06        2.09667E-06      -16.5108E-03       483.988E-06  
                3.16              37.2066E-03        48.877E-03        -33.7188E-03       -48.8746E-03         8.952E-06          1.94871E-06      -15.7281E-03       480.546E-06  
                3.2               35.4179E-03        46.5435E-03       -32.11E-03         -46.5411E-03         8.30546E-06        1.80158E-06      -14.9457E-03       477.513E-06  
                3.24              33.6297E-03        44.2108E-03       -30.5016E-03       -44.2082E-03         7.66411E-06        1.65527E-06      -14.1637E-03       474.89E-06   
                3.28              31.8421E-03        41.8786E-03       -28.8936E-03       -41.876E-03          7.02792E-06        1.5098E-06       -13.3821E-03       472.675E-06  
                3.32              30.0551E-03        39.5472E-03       -27.286E-03        -39.5444E-03         6.39687E-06        1.36516E-06      -12.6009E-03       470.869E-06  
                3.36              28.2687E-03        37.2164E-03       -25.6789E-03       -37.2135E-03         5.77094E-06        1.22134E-06      -11.82E-03         469.47E-06   
                3.4               26.4828E-03        34.8863E-03       -24.0721E-03       -34.8832E-03         5.15011E-06        1.07834E-06      -11.0396E-03       468.479E-06  
                3.44              24.6976E-03        32.5569E-03       -22.4658E-03       -32.5535E-03         4.53435E-06      936.179E-09        -10.2595E-03       467.896E-06  
                3.48              22.9129E-03        30.2281E-03       -20.8599E-03       -30.2245E-03         3.92365E-06      794.839E-09         -9.47977E-03      467.719E-06  
                3.52              21.1289E-03        27.9001E-03       -19.2544E-03       -27.8961E-03         3.31799E-06      654.324E-09         -8.70043E-03      467.948E-06  
                3.56              19.3455E-03        25.5727E-03       -17.6493E-03       -25.5684E-03         2.71734E-06      514.633E-09         -7.92147E-03      468.584E-06  
                3.6               17.5628E-03        23.2461E-03       -16.0447E-03       -23.2413E-03         2.12167E-06      375.766E-09         -7.14289E-03      469.625E-06  
                3.64              15.7809E-03        20.9202E-03       -14.4405E-03       -20.9149E-03         1.53098E-06      237.722E-09         -6.36467E-03      471.071E-06  
                3.68              13.9997E-03        18.5951E-03       -12.8366E-03       -18.5891E-03       945.243E-09        100.5E-09           -5.58683E-03      472.922E-06  
                3.72              12.2195E-03        16.2708E-03       -11.2332E-03       -16.2639E-03       364.432E-09        -35.8986E-09        -4.80937E-03      475.178E-06  
                3.76              10.4403E-03        13.9475E-03        -9.63021E-03      -13.9394E-03      -211.471E-09       -171.476E-09         -4.03227E-03      477.837E-06  
                3.8                8.66263E-03       11.6254E-03        -8.02761E-03      -11.6154E-03      -782.485E-09       -306.233E-09         -3.25555E-03      480.901E-06  
                3.84               6.88713E-03        9.30479E-03       -6.42543E-03       -9.29218E-03       -1.34863E-06     -440.169E-09         -2.47919E-03      484.367E-06  
                3.88               5.11553E-03        6.98662E-03       -4.82366E-03       -6.96954E-03       -1.90993E-06     -573.285E-09         -1.70321E-03      488.237E-06  
                3.92               3.35315E-03        4.67356E-03       -3.2223E-03        -4.64754E-03       -2.4664E-06      -705.582E-09       -927.592E-06        492.509E-06  
                3.96               1.62849E-03        2.37871E-03       -1.62135E-03       -2.32617E-03       -3.01807E-06     -837.061E-09       -152.344E-06        497.183E-06  
                4.               622.894E-06        502.29E-06         -20.7993E-06        -5.43469E-06       -3.56494E-06     -967.721E-09        622.536E-06        502.259E-06  




