
                             _U:Magnitude PI:   _U:Magnitude PI:   _U:U1 PI: PART-1-  _U:U1 PI: PART-1-  _U:U2 PI: PART-1-  _U:U2 PI: PART-1-  _U:U3 PI: PART-1-  _U:U3 PI: PART-1-
                  X           PART-1-1 N: 231    PART-1-1 N: 257        1 N: 231           1 N: 257           1 N: 231           1 N: 257           1 N: 231           1 N: 257    

                0.                 0.                 0.                 0.                 0.                 0.                 0.                 0.                 0.         
               40.E-03             3.5478E-03         4.63349E-03        3.1961E-03         4.63349E-03       -1.04793E-06     -248.049E-09          1.54008E-03        6.33352E-06
               80.E-03             7.09342E-03        9.26435E-03        6.3905E-03         9.26434E-03       -2.07697E-06     -492.822E-09          3.07865E-03       14.2652E-06 
              120.E-03            10.6369E-03        13.8926E-03         9.58321E-03       13.8926E-03        -3.0874E-06      -734.328E-09          4.61573E-03       23.7918E-06 
              160.E-03            14.1781E-03        18.5182E-03        12.7742E-03        18.5182E-03        -4.07931E-06     -972.569E-09          6.1513E-03        34.9104E-06 
              200.E-03            17.7173E-03        23.1412E-03        15.9636E-03        23.1412E-03        -5.05285E-06       -1.20755E-06        7.68539E-03       47.618E-06  
              240.E-03            21.2542E-03        27.7616E-03        19.1513E-03        27.7616E-03        -6.00817E-06       -1.43928E-06        9.218E-03         61.9113E-06 
              280.E-03            24.789E-03         32.3795E-03        22.3372E-03        32.3794E-03        -6.94543E-06       -1.66776E-06       10.7491E-03        77.7874E-06 
              320.E-03            28.3217E-03        36.9947E-03        25.5216E-03        36.9946E-03        -7.86477E-06       -1.893E-06         12.2788E-03        95.2433E-06 
              360.E-03            31.8523E-03        41.6073E-03        28.7043E-03        41.6072E-03        -8.76633E-06       -2.115E-06         13.807E-03        114.276E-06  
              400.E-03            35.3807E-03        46.2174E-03        31.8853E-03        46.2172E-03        -9.65027E-06       -2.33377E-06       15.3337E-03       134.882E-06  
              440.E-03            38.907E-03         50.8249E-03        35.0647E-03        50.8246E-03       -10.5167E-06        -2.54931E-06       16.859E-03        157.06E-06   
              480.E-03            42.4312E-03        55.4298E-03        38.2424E-03        55.4295E-03       -11.3658E-06        -2.76162E-06       18.3828E-03       180.805E-06  
              520.E-03            45.9533E-03        60.0322E-03        41.4185E-03        60.0318E-03       -12.1977E-06        -2.97072E-06       19.9052E-03       206.115E-06  
              560.E-03            49.4733E-03        64.632E-03         44.5929E-03        64.6316E-03       -13.0126E-06        -3.17661E-06       21.4261E-03       232.987E-06  
              600.E-03            52.9912E-03        69.2293E-03        47.7658E-03        69.2288E-03       -13.8105E-06        -3.37929E-06       22.9456E-03       261.418E-06  
              640.E-03            56.5071E-03        73.8241E-03        50.937E-03         73.8235E-03       -14.5916E-06        -3.57877E-06       24.4637E-03       291.405E-06  
              680.E-03            60.0208E-03        78.4163E-03        54.1066E-03        78.4156E-03       -15.356E-06         -3.77506E-06       25.9803E-03       322.946E-06  
              720.E-03            63.5325E-03        83.006E-03         57.2746E-03        83.0052E-03       -16.104E-06         -3.96816E-06       27.4955E-03       356.037E-06  
              760.E-03            67.0422E-03        87.5931E-03        60.4409E-03        87.5923E-03       -16.8355E-06        -4.15807E-06       29.0094E-03       390.675E-06  
              800.E-03            70.5498E-03        92.1778E-03        63.6057E-03        92.1768E-03       -17.5508E-06        -4.3448E-06        30.5218E-03       426.859E-06  
              840.E-03            74.0553E-03        96.76E-03          66.7689E-03        96.7589E-03       -18.2499E-06        -4.52836E-06       32.0328E-03       464.584E-06  
              880.E-03            77.5588E-03       101.34E-03          69.9305E-03       101.338E-03        -18.933E-06         -4.70875E-06       33.5424E-03       503.849E-06  
              920.E-03            81.0603E-03       105.917E-03         73.0905E-03       105.915E-03        -19.6003E-06        -4.88598E-06       35.0506E-03       544.65E-06   
              960.E-03            84.5597E-03       110.492E-03         76.249E-03        110.49E-03         -20.2518E-06        -5.06005E-06       36.5574E-03       586.985E-06  
                1.                88.0572E-03       115.064E-03         79.4058E-03       115.062E-03        -20.8876E-06        -5.23097E-06       38.0629E-03       630.85E-06   
                1.04              84.5669E-03       110.494E-03         76.2504E-03       110.493E-03        -20.3211E-06        -5.07984E-06       36.571E-03        597.054E-06  
                1.08              81.0744E-03       105.922E-03         73.0933E-03       105.921E-03        -19.7391E-06        -4.92553E-06       35.0776E-03       564.785E-06  
                1.12              77.5798E-03       101.347E-03         69.9344E-03       101.346E-03        -19.1415E-06        -4.76802E-06       33.5828E-03       534.046E-06  
                1.16              74.0829E-03        96.7699E-03        66.7738E-03        96.7685E-03       -18.5282E-06        -4.60732E-06       32.0864E-03       504.839E-06  
                1.2               70.5838E-03        92.1896E-03        63.6114E-03        92.1883E-03       -17.899E-06         -4.44342E-06       30.5886E-03       477.169E-06  
                1.24              67.0826E-03        87.6065E-03        60.4473E-03        87.6053E-03       -17.2539E-06        -4.27631E-06       29.0893E-03       451.037E-06  
                1.28              63.579E-03         83.0207E-03        57.2815E-03        83.0196E-03       -16.5927E-06        -4.10599E-06       27.5885E-03       426.448E-06  
                1.32              60.0733E-03        78.4322E-03        54.1139E-03        78.4311E-03       -15.9152E-06        -3.93244E-06       26.0862E-03       403.403E-06  
                1.36              56.5653E-03        73.8409E-03        50.9445E-03        73.8399E-03       -15.2214E-06        -3.75567E-06       24.5824E-03       381.907E-06  
                1.4               53.0551E-03        69.2468E-03        47.7733E-03        69.2458E-03       -14.5111E-06        -3.57567E-06       23.077E-03        361.962E-06  
                1.44              49.5426E-03        64.6499E-03        44.6004E-03        64.649E-03        -13.7842E-06        -3.39243E-06       21.5702E-03       343.572E-06  
                1.48              46.0278E-03        60.0503E-03        41.4257E-03        60.0494E-03       -13.0405E-06        -3.20594E-06       20.0618E-03       326.74E-06   
                1.52              42.5108E-03        55.4479E-03        38.2492E-03        55.447E-03        -12.2799E-06        -3.0162E-06        18.5519E-03       311.468E-06  
                1.56              38.9916E-03        50.8426E-03        35.0709E-03        50.8418E-03       -11.5022E-06        -2.8232E-06        17.0404E-03       297.76E-06   
                1.6               35.47E-03          46.2346E-03        31.8908E-03        46.2337E-03       -10.7074E-06        -2.62694E-06       15.5274E-03       285.62E-06   
                1.64              31.9462E-03        41.6238E-03        28.7089E-03        41.6229E-03        -9.89525E-06       -2.42741E-06       14.0129E-03       275.049E-06  
                1.68              28.4201E-03        37.0102E-03        25.5252E-03        37.0092E-03        -9.06564E-06       -2.2246E-06        12.4968E-03       266.053E-06  
                1.72              24.8918E-03        32.3937E-03        22.3396E-03        32.3927E-03        -8.21843E-06       -2.01851E-06       10.9791E-03       258.634E-06  
                1.76              21.3612E-03        27.7745E-03        19.1523E-03        27.7733E-03        -7.35345E-06       -1.80914E-06        9.45987E-03      252.794E-06  
                1.8               17.8283E-03        23.1525E-03        15.9631E-03        23.1512E-03        -6.47057E-06       -1.59646E-06        7.93906E-03      248.538E-06  
                1.84              14.2934E-03        18.5277E-03        12.7721E-03        18.5261E-03        -5.56964E-06       -1.38049E-06        6.41668E-03      245.869E-06  
                1.88              10.7564E-03        13.9004E-03         9.57925E-03       13.8982E-03        -4.6505E-06        -1.16122E-06        4.89272E-03      244.791E-06  
                1.92               7.21806E-03        9.27069E-03        6.38456E-03        9.26744E-03       -3.71301E-06     -938.628E-09          3.36716E-03      245.305E-06  
                1.96               3.68091E-03        4.64041E-03        3.18801E-03        4.6338E-03        -2.757E-06       -712.721E-09          1.84002E-03      247.417E-06  
                2.               311.449E-06        251.144E-06        -10.3969E-06        -2.71315E-06       -1.78233E-06     -483.49E-09         311.27E-06         251.128E-06  
                2.04               3.43432E-03        4.64919E-03       -3.21066E-03       -4.64212E-03     -788.839E-09       -250.93E-09          -1.21908E-03      256.444E-06  
                2.08               6.97799E-03        9.28815E-03       -6.4128E-03        -9.28441E-03      223.639E-09        -15.0339E-09        -2.75105E-03      263.366E-06  
                2.12              10.5281E-03        13.9323E-03        -9.61681E-03      -13.9296E-03         1.25526E-06      224.203E-09         -4.28463E-03      271.899E-06  
                2.16              14.0816E-03        18.5798E-03       -12.8227E-03       -18.5777E-03         2.30619E-06      466.788E-09         -5.81984E-03      282.045E-06  
                2.2               17.6379E-03        23.2306E-03       -16.0305E-03       -23.2287E-03         3.3766E-06       712.726E-09         -7.35668E-03      293.809E-06  
                2.24              21.1969E-03        27.8843E-03       -19.2402E-03       -27.8827E-03         4.46664E-06      962.022E-09         -8.89515E-03      307.194E-06  
                2.28              24.7583E-03        32.5411E-03       -22.4517E-03       -32.5395E-03         5.57648E-06        1.21468E-06      -10.4353E-03       322.203E-06  
                2.32              28.3223E-03        37.2008E-03       -25.6652E-03       -37.1993E-03         6.70631E-06        1.47072E-06      -11.977E-03        338.839E-06  
                2.36              31.8887E-03        41.8636E-03       -28.8806E-03       -41.862E-03          7.85628E-06        1.73012E-06      -13.5204E-03       357.107E-06  
                2.4               35.4576E-03        46.5292E-03       -32.0979E-03       -46.5277E-03         9.02657E-06        1.99291E-06      -15.0655E-03       377.01E-06   
                2.44              39.029E-03         51.1979E-03       -35.3171E-03       -51.1964E-03        10.2174E-06         2.25909E-06      -16.6122E-03       398.552E-06  
                2.48              42.6029E-03        55.8696E-03       -38.5382E-03       -55.868E-03         11.4288E-06         2.52866E-06      -18.1606E-03       421.735E-06  
                2.52              46.1792E-03        60.5442E-03       -41.7613E-03       -60.5425E-03        12.6611E-06         2.80163E-06      -19.7107E-03       446.564E-06  
                2.56              49.7581E-03        65.2218E-03       -44.9864E-03       -65.2201E-03        13.9145E-06         3.078E-06        -21.2625E-03       473.042E-06  
                2.6               53.3394E-03        69.9024E-03       -48.2133E-03       -69.9006E-03        15.1891E-06         3.35778E-06      -22.816E-03        501.173E-06  
                2.64              56.9233E-03        74.586E-03        -51.4423E-03       -74.5841E-03        16.4851E-06         3.64097E-06      -24.3711E-03       530.96E-06   
                2.68              60.5096E-03        79.2726E-03       -54.6732E-03       -79.2706E-03        17.8026E-06         3.92759E-06      -25.928E-03        562.408E-06  
                2.72              64.0985E-03        83.9623E-03       -57.906E-03        -83.9602E-03        19.142E-06          4.21763E-06      -27.4865E-03       595.519E-06  
                2.76              67.6899E-03        88.655E-03        -61.1409E-03       -88.6527E-03        20.5033E-06         4.51111E-06      -29.0468E-03       630.298E-06  
                2.8               71.2838E-03        93.3507E-03       -64.3777E-03       -93.3483E-03        21.8869E-06         4.80802E-06      -30.6088E-03       666.749E-06  
                2.84              74.8803E-03        98.0494E-03       -67.6165E-03       -98.0469E-03        23.2927E-06         5.10837E-06      -32.1725E-03       704.874E-06  
                2.88              78.4793E-03       102.751E-03        -70.8573E-03      -102.749E-03         24.7212E-06         5.41217E-06      -33.738E-03        744.679E-06  
                2.92              82.0809E-03       107.456E-03        -74.1001E-03      -107.453E-03         26.1724E-06         5.71942E-06      -35.3052E-03       786.166E-06  
                2.96              85.6851E-03       112.164E-03        -77.3449E-03      -112.161E-03         27.6466E-06         6.03013E-06      -36.8741E-03       829.34E-06   
                3.                89.2918E-03       116.875E-03        -80.5917E-03      -116.872E-03         29.1439E-06         6.34431E-06      -38.4448E-03       874.204E-06  
                3.04              85.6823E-03       112.167E-03        -77.3472E-03      -112.164E-03         27.5734E-06         6.01137E-06      -36.8628E-03       839.413E-06  
                3.08              82.0752E-03       107.462E-03        -74.1046E-03      -107.459E-03         26.0262E-06         5.68184E-06      -35.2824E-03       806.308E-06  
                3.12              78.4705E-03       102.76E-03         -70.8638E-03      -102.757E-03         24.5021E-06         5.35571E-06      -33.7037E-03       774.885E-06  
                3.16              74.8682E-03        98.0605E-03       -67.6249E-03       -98.0577E-03        23.0009E-06         5.03298E-06      -32.1267E-03       745.141E-06  
                3.2               71.2682E-03        93.3639E-03       -64.3878E-03       -93.3612E-03        21.5224E-06         4.71364E-06      -30.5513E-03       717.072E-06  
                3.24              67.6707E-03        88.6701E-03       -61.1525E-03       -88.6674E-03        20.0664E-06         4.39769E-06      -28.9775E-03       690.675E-06  
                3.28              64.0754E-03        83.9791E-03       -57.919E-03        -83.9765E-03        18.6328E-06         4.08512E-06      -27.4053E-03       665.947E-06  
                3.32              60.4826E-03        79.2909E-03       -54.6874E-03       -79.2883E-03        17.2213E-06         3.77594E-06      -25.8348E-03       642.883E-06  
                3.36              56.8921E-03        74.6054E-03       -51.4575E-03       -74.6028E-03        15.8318E-06         3.47012E-06      -24.2658E-03       621.48E-06   
                3.4               53.3039E-03        69.9228E-03       -48.2295E-03       -69.9202E-03        14.464E-06          3.16768E-06      -22.6985E-03       601.736E-06  
                3.44              49.718E-03         65.2428E-03       -45.0032E-03       -65.2402E-03        13.1178E-06         2.86861E-06      -21.1328E-03       583.646E-06  
                3.48              46.1346E-03        60.5657E-03       -41.7788E-03       -60.563E-03         11.7929E-06         2.57289E-06      -19.5687E-03       567.207E-06  
                3.52              42.5534E-03        55.8913E-03       -38.5561E-03       -55.8885E-03        10.4893E-06         2.28053E-06      -18.0061E-03       552.416E-06  
                3.56              38.9746E-03        51.2196E-03       -35.3352E-03       -51.2168E-03         9.20669E-06        1.99152E-06      -16.4452E-03       539.27E-06   
                3.6               35.3981E-03        46.5508E-03       -32.116E-03        -46.5478E-03         7.9449E-06         1.70586E-06      -14.8858E-03       527.765E-06  
                3.64              31.824E-03         41.8846E-03       -28.8987E-03       -41.8814E-03         6.70378E-06        1.42355E-06      -13.328E-03        517.897E-06  
                3.68              28.2523E-03        37.2213E-03       -25.6831E-03       -37.2178E-03         5.48315E-06        1.14457E-06      -11.7717E-03       509.665E-06  
                3.72              24.6831E-03        32.5608E-03       -22.4692E-03       -32.5569E-03         4.28282E-06      868.918E-09        -10.2171E-03       503.063E-06  
                3.76              21.1163E-03        27.9031E-03       -19.2571E-03       -27.8987E-03         3.10264E-06      596.598E-09         -8.66393E-03      498.09E-06   
                3.8               17.5523E-03        23.2484E-03       -16.0467E-03       -23.2431E-03         1.94243E-06      327.601E-09         -7.11235E-03      494.741E-06  
                3.84              13.9913E-03        18.5968E-03       -12.8381E-03       -18.5903E-03       802.015E-09         61.9209E-09        -5.56231E-03      493.015E-06  
                3.88              10.4341E-03        13.9488E-03        -9.63119E-03      -13.9401E-03      -318.759E-09       -200.446E-09         -4.01381E-03      492.906E-06  
                3.92               6.88323E-03        9.30568E-03       -6.42601E-03       -9.29253E-03       -1.42006E-06     -459.505E-09         -2.46684E-03      494.413E-06  
                3.96               3.35168E-03        4.67421E-03       -3.22255E-03       -4.64766E-03       -2.50205E-06     -715.261E-09       -921.392E-06        497.532E-06  
                4.               622.892E-06        502.29E-06         -20.8E-06           -5.4366E-06        -3.56489E-06     -967.719E-09        622.534E-06        502.259E-06  




