
                             _U:Magnitude PI:   _U:Magnitude PI:   _U:U1 PI: PART-1-  _U:U1 PI: PART-1-  _U:U2 PI: PART-1-  _U:U2 PI: PART-1-  _U:U3 PI: PART-1-  _U:U3 PI: PART-1-
                  X            PART-1-1 N: 83    PART-1-1 N: 156        1 N: 83            1 N: 156           1 N: 83            1 N: 156           1 N: 83            1 N: 156    

                0.                 0.                 0.                 0.                 0.                 0.                 0.                 0.                 0.         
               40.E-03             3.77884E-03        3.04928E-03        3.77883E-03        2.73393E-03       -1.09921E-06       -5.20553E-06        7.55038E-06        1.35045E-03
               80.E-03             7.55614E-03        6.09717E-03        7.55612E-03        5.46662E-03       -2.19727E-06      -10.3923E-06        16.1514E-06         2.70025E-03
              120.E-03            11.3319E-03         9.14366E-03       11.3319E-03         8.19809E-03       -3.29418E-06      -15.5605E-06        25.8017E-06         4.0494E-03 
              160.E-03            15.1062E-03        12.1888E-03        15.1061E-03        10.9283E-03        -4.38993E-06      -20.7101E-06        36.4998E-06         5.39791E-03
              200.E-03            18.8789E-03        15.2325E-03        18.8788E-03        13.6573E-03        -5.48453E-06      -25.8412E-06        48.2441E-06         6.74576E-03
              240.E-03            22.6501E-03        18.2748E-03        22.65E-03          16.3851E-03        -6.57796E-06      -30.9539E-06        61.0332E-06         8.09297E-03
              280.E-03            26.4197E-03        21.3158E-03        26.4196E-03        19.1117E-03        -7.67023E-06      -36.0483E-06        74.8658E-06         9.43954E-03
              320.E-03            30.1879E-03        24.3553E-03        30.1878E-03        21.837E-03         -8.76134E-06      -41.1245E-06        89.7402E-06        10.7855E-03 
              360.E-03            33.9545E-03        27.3935E-03        33.9544E-03        24.5611E-03        -9.85128E-06      -46.1825E-06       105.655E-06         12.1307E-03 
              400.E-03            37.7196E-03        30.4303E-03        37.7194E-03        27.284E-03        -10.94E-06         -51.2224E-06       122.609E-06         13.4754E-03 
              440.E-03            41.4832E-03        33.4658E-03        41.483E-03         30.0057E-03       -12.0276E-06       -56.2443E-06       140.601E-06         14.8194E-03 
              480.E-03            45.2453E-03        36.4999E-03        45.2451E-03        32.7262E-03       -13.1141E-06       -61.2482E-06       159.628E-06         16.1627E-03 
              520.E-03            49.0059E-03        39.5326E-03        49.0056E-03        35.4454E-03       -14.1993E-06       -66.2343E-06       179.691E-06         17.5054E-03 
              560.E-03            52.765E-03         42.5639E-03        52.7646E-03        38.1635E-03       -15.2834E-06       -71.2027E-06       200.786E-06         18.8475E-03 
              600.E-03            56.5226E-03        45.5939E-03        56.5221E-03        40.8803E-03       -16.3662E-06       -76.1533E-06       222.914E-06         20.189E-03  
              640.E-03            60.2786E-03        48.6225E-03        60.2781E-03        43.596E-03        -17.4479E-06       -81.0863E-06       246.072E-06         21.5298E-03 
              680.E-03            64.0332E-03        51.6498E-03        64.0326E-03        46.3104E-03       -18.5284E-06       -86.0017E-06       270.259E-06         22.87E-03   
              720.E-03            67.7862E-03        54.6757E-03        67.7856E-03        49.0237E-03       -19.6078E-06       -90.8997E-06       295.473E-06         24.2095E-03 
              760.E-03            71.5378E-03        57.7002E-03        71.5371E-03        51.7357E-03       -20.6859E-06       -95.7802E-06       321.714E-06         25.5484E-03 
              800.E-03            75.2879E-03        60.7234E-03        75.2871E-03        54.4466E-03       -21.7628E-06      -100.643E-06        348.979E-06         26.8867E-03 
              840.E-03            79.0364E-03        63.7453E-03        79.0355E-03        57.1562E-03       -22.8386E-06      -105.489E-06        377.268E-06         28.2244E-03 
              880.E-03            82.7835E-03        66.7658E-03        82.7825E-03        59.8647E-03       -23.9131E-06      -110.318E-06        406.579E-06         29.5614E-03 
              920.E-03            86.5291E-03        69.785E-03         86.528E-03         62.572E-03        -24.9864E-06      -115.13E-06         436.91E-06          30.8978E-03 
              960.E-03            90.2732E-03        72.8028E-03        90.272E-03         65.2781E-03       -26.0586E-06      -119.924E-06        468.261E-06         32.2336E-03 
                1.                94.0158E-03        75.8193E-03        94.0145E-03        67.983E-03        -27.1295E-06      -124.702E-06        500.629E-06         33.5688E-03 
                1.04              90.2772E-03        72.8126E-03        90.2759E-03        65.2804E-03       -26.1183E-06      -120.086E-06        481.614E-06         32.2509E-03 
                1.08              86.5367E-03        69.8042E-03        86.5354E-03        62.5765E-03       -25.1056E-06      -115.453E-06        463.612E-06         30.9323E-03 
                1.12              82.7943E-03        66.7943E-03        82.7931E-03        59.871E-03        -24.0915E-06      -110.803E-06        446.625E-06         29.6129E-03 
                1.16              79.0502E-03        63.7827E-03        79.049E-03         57.1642E-03       -23.076E-06       -106.136E-06        430.655E-06         28.2928E-03 
                1.2               75.3042E-03        60.7696E-03        75.3031E-03        54.456E-03        -22.059E-06       -101.451E-06        415.703E-06         26.9718E-03 
                1.24              71.5564E-03        57.7548E-03        71.5553E-03        51.7463E-03       -21.0406E-06       -96.7487E-06       401.771E-06         25.6502E-03 
                1.28              67.8068E-03        54.7385E-03        67.8057E-03        49.0352E-03       -20.0207E-06       -92.029E-06        388.861E-06         24.3278E-03 
                1.32              64.0553E-03        51.7205E-03        64.0542E-03        46.3227E-03       -18.9994E-06       -87.2917E-06       376.975E-06         23.0046E-03 
                1.36              60.3021E-03        48.7009E-03        60.3009E-03        43.6087E-03       -17.9767E-06       -82.5367E-06       366.113E-06         21.6806E-03 
                1.4               56.5469E-03        45.6796E-03        56.5458E-03        40.8933E-03       -16.9526E-06       -77.764E-06        356.279E-06         20.3559E-03 
                1.44              52.79E-03          42.6568E-03        52.7888E-03        38.1764E-03       -15.927E-06        -72.9735E-06       347.472E-06         19.0304E-03 
                1.48              49.0312E-03        39.6324E-03        49.03E-03          35.4582E-03       -14.9E-06          -68.1651E-06       339.697E-06         17.7042E-03 
                1.52              45.2705E-03        36.6063E-03        45.2693E-03        32.7384E-03       -13.8716E-06       -63.3388E-06       332.953E-06         16.3772E-03 
                1.56              41.508E-03         33.5786E-03        41.5068E-03        30.0173E-03       -12.8417E-06       -58.4944E-06       327.243E-06         15.0494E-03 
                1.6               37.7437E-03        30.5493E-03        37.7424E-03        27.2946E-03       -11.8105E-06       -53.6319E-06       322.568E-06         13.7208E-03 
                1.64              33.9776E-03        27.5184E-03        33.9761E-03        24.5706E-03       -10.7778E-06       -48.7512E-06       318.931E-06         12.3915E-03 
                1.68              30.2097E-03        24.4859E-03        30.208E-03         21.845E-03         -9.74368E-06      -43.8522E-06       316.332E-06         11.0614E-03 
                1.72              26.4399E-03        21.4519E-03        26.438E-03         19.118E-03         -8.70816E-06      -38.9349E-06       314.774E-06          9.73051E-03
                1.76              22.6684E-03        18.4163E-03        22.6662E-03        16.3896E-03        -7.67123E-06      -33.9991E-06       314.258E-06          8.39885E-03
                1.8               18.8951E-03        15.3793E-03        18.8925E-03        13.6597E-03        -6.63289E-06      -29.0448E-06       314.787E-06          7.06642E-03
                1.84              15.1202E-03        12.3409E-03        15.1169E-03        10.9283E-03        -5.59313E-06      -24.0719E-06       316.361E-06          5.7332E-03 
                1.88              11.344E-03          9.30159E-03       11.3395E-03         8.19549E-03       -4.55197E-06      -19.0803E-06       318.984E-06          4.39921E-03
                1.92               7.56705E-03        6.26223E-03        7.56017E-03        5.46119E-03       -3.5094E-06       -14.07E-06         322.655E-06          3.06443E-03
                1.96               3.79313E-03        3.22753E-03        3.77898E-03        2.72541E-03       -2.46542E-06       -9.04082E-06      327.378E-06          1.72887E-03
                2.               333.182E-06        392.73E-06          -4.08772E-06      -11.8458E-06        -1.42005E-06       -3.99271E-06      333.154E-06        392.531E-06  
                2.04               3.80426E-03        2.90825E-03       -3.78904E-03       -2.75058E-03     -373.268E-09          1.0744E-06       339.984E-06       -944.599E-06  
                2.08               7.58385E-03        5.94631E-03       -7.57586E-03       -5.49079E-03      674.911E-09          6.16062E-06      347.871E-06         -2.28252E-03
                2.12              11.3702E-03         8.99372E-03      -11.3646E-03        -8.23248E-03        1.72449E-06       11.266E-06        356.816E-06         -3.62122E-03
                2.16              15.1596E-03        12.0447E-03       -15.1552E-03       -10.9757E-03         2.77546E-06       16.3907E-06       366.821E-06         -4.96072E-03
                2.2               18.9514E-03        15.098E-03        -18.9477E-03       -13.7203E-03         3.82782E-06       21.5347E-06       377.889E-06         -6.301E-03  
                2.24              22.7454E-03        18.1534E-03       -22.7421E-03       -16.4665E-03         4.88158E-06       26.6981E-06       390.02E-06          -7.64208E-03
                2.28              26.5414E-03        21.2107E-03       -26.5383E-03       -19.2141E-03         5.93672E-06       31.8811E-06       403.216E-06         -8.98395E-03
                2.32              30.3394E-03        24.2699E-03       -30.3365E-03       -21.9633E-03         6.99325E-06       37.0837E-06       417.48E-06         -10.3266E-03 
                2.36              34.1393E-03        27.3308E-03       -34.1366E-03       -24.7139E-03         8.05117E-06       42.306E-06        432.812E-06        -11.6701E-03 
                2.4               37.9412E-03        30.3934E-03       -37.9385E-03       -27.4661E-03         9.11047E-06       47.548E-06        449.216E-06        -13.0143E-03 
                2.44              41.745E-03         33.4578E-03       -41.7424E-03       -30.2197E-03        10.1711E-06        52.81E-06         466.693E-06        -14.3594E-03 
                2.48              45.5508E-03        36.524E-03        -45.5482E-03       -32.9749E-03        11.2332E-06        58.0919E-06       485.244E-06        -15.7053E-03 
                2.52              49.3585E-03        39.5919E-03       -49.3559E-03       -35.7315E-03        12.2966E-06        63.3938E-06       504.871E-06        -17.0519E-03 
                2.56              53.1681E-03        42.6615E-03       -53.1655E-03       -38.4897E-03        13.3614E-06        68.7159E-06       525.577E-06        -18.3994E-03 
                2.6               56.9796E-03        45.7328E-03       -56.977E-03        -41.2494E-03        14.4276E-06        74.0582E-06       547.362E-06        -19.7477E-03 
                2.64              60.7931E-03        48.8059E-03       -60.7904E-03       -44.0106E-03        15.4952E-06        79.4209E-06       570.23E-06         -21.0968E-03 
                2.68              64.6085E-03        51.8807E-03       -64.6057E-03       -46.7734E-03        16.5641E-06        84.8039E-06       594.182E-06        -22.4466E-03 
                2.72              68.4258E-03        54.9572E-03       -68.423E-03        -49.5376E-03        17.6343E-06        90.2075E-06       619.219E-06        -23.7973E-03 
                2.76              72.2451E-03        58.0355E-03       -72.2422E-03       -52.3034E-03        18.706E-06         95.6317E-06       645.344E-06        -25.1488E-03 
                2.8               76.0663E-03        61.1155E-03       -76.0633E-03       -55.0707E-03        19.779E-06        101.077E-06        672.558E-06        -26.5012E-03 
                2.84              79.8894E-03        64.1972E-03       -79.8863E-03       -57.8395E-03        20.8533E-06       106.542E-06        700.863E-06        -27.8543E-03 
                2.88              83.7145E-03        67.2807E-03       -83.7113E-03       -60.6099E-03        21.929E-06        112.029E-06        730.261E-06        -29.2082E-03 
                2.92              87.5415E-03        70.3659E-03       -87.5382E-03       -63.3818E-03        23.0061E-06       117.536E-06        760.755E-06        -30.563E-03  
                2.96              91.3704E-03        73.4529E-03       -91.367E-03        -66.1553E-03        24.0845E-06       123.065E-06        792.345E-06        -31.9186E-03 
                3.                95.2013E-03        76.5416E-03       -95.1978E-03       -68.9303E-03        25.1642E-06       128.615E-06        825.034E-06        -33.275E-03  
                3.04              91.3749E-03        73.4498E-03       -91.3713E-03       -66.1587E-03        24.0306E-06       122.908E-06        805.701E-06        -31.9045E-03 
                3.08              87.55E-03          70.3595E-03       -87.5464E-03       -63.3883E-03        22.898E-06        117.222E-06        787.463E-06        -30.5347E-03 
                3.12              83.7267E-03        67.2707E-03       -83.7231E-03       -60.6193E-03        21.7665E-06       111.556E-06        770.316E-06        -29.1656E-03 
                3.16              79.905E-03         64.1833E-03       -79.9014E-03       -57.8516E-03        20.6361E-06       105.912E-06        754.261E-06        -27.7971E-03 
                3.2               76.0849E-03        61.0974E-03       -76.0813E-03       -55.0851E-03        19.5068E-06       100.288E-06        739.294E-06        -26.4294E-03 
                3.24              72.2664E-03        58.013E-03        -72.2627E-03       -52.32E-03          18.3787E-06        94.6846E-06       725.416E-06        -25.0623E-03 
                3.28              68.4495E-03        54.93E-03         -68.4458E-03       -49.5561E-03        17.2516E-06        89.1017E-06       712.623E-06        -23.6959E-03 
                3.32              64.6342E-03        51.8486E-03       -64.6304E-03       -46.7935E-03        16.1256E-06        83.5393E-06       700.915E-06        -22.3301E-03 
                3.36              60.8205E-03        48.7686E-03       -60.8166E-03       -44.0322E-03        15.0007E-06        77.9972E-06       690.289E-06        -20.9651E-03 
                3.4               57.0084E-03        45.6901E-03       -57.0043E-03       -41.2722E-03        13.8769E-06        72.4753E-06       680.745E-06        -19.6007E-03 
                3.44              53.1979E-03        42.6131E-03       -53.1937E-03       -38.5134E-03        12.7543E-06        66.9735E-06       672.281E-06        -18.237E-03  
                3.48              49.389E-03         39.5376E-03       -49.3846E-03       -35.7559E-03        11.6327E-06        61.4917E-06       664.895E-06        -16.8739E-03 
                3.52              45.5818E-03        36.4636E-03       -45.577E-03        -32.9997E-03        10.5123E-06        56.0299E-06       658.586E-06        -15.5116E-03 
                3.56              41.7762E-03        33.3912E-03       -41.7711E-03       -30.2448E-03         9.39303E-06       50.5879E-06       653.352E-06        -14.1499E-03 
                3.6               37.9722E-03        30.3203E-03       -37.9667E-03       -27.4911E-03         8.27487E-06       45.1657E-06       649.192E-06        -12.7888E-03 
                3.64              34.1699E-03        27.251E-03        -34.1638E-03       -24.7387E-03         7.15784E-06       39.7631E-06       646.104E-06        -11.4285E-03 
                3.68              30.3694E-03        24.1834E-03       -30.3625E-03       -21.9876E-03         6.04194E-06       34.3802E-06       644.087E-06        -10.0688E-03 
                3.72              26.5706E-03        21.1175E-03       -26.5628E-03       -19.2377E-03         4.92718E-06       29.0168E-06       643.138E-06         -8.70973E-03
                3.76              22.7737E-03        18.0536E-03       -22.7646E-03       -16.4891E-03         3.81355E-06       23.6727E-06       643.258E-06         -7.35136E-03
                3.8               18.979E-03         14.992E-03        -18.968E-03        -13.7418E-03         2.70107E-06       18.3481E-06       644.443E-06         -5.99364E-03
                3.84              15.1867E-03        11.9332E-03       -15.173E-03        -10.9956E-03         1.58974E-06       13.0426E-06       646.694E-06         -4.63659E-03
                3.88              11.398E-03          8.87892E-03      -11.3794E-03        -8.25079E-03      479.553E-09          7.75637E-06      650.007E-06         -3.28019E-03
                3.92               7.61564E-03        5.83374E-03       -7.58748E-03       -5.50718E-03     -629.483E-09          2.48919E-06      654.382E-06         -1.92445E-03
                3.96               3.85396E-03        2.82284E-03       -3.79706E-03       -2.76482E-03       -1.73737E-06       -2.75899E-06      659.817E-06       -569.369E-06  
                4.               666.366E-06        785.457E-06         -8.18742E-06      -23.7007E-06        -2.84409E-06       -7.98825E-06      666.31E-06         785.059E-06  




