
                             _U:Magnitude PI:   _U:Magnitude PI:   _U:U1 PI: PART-1-  _U:U1 PI: PART-1-  _U:U2 PI: PART-1-  _U:U2 PI: PART-1-  _U:U3 PI: PART-1-  _U:U3 PI: PART-1-
                  X            PART-1-1 N: 83    PART-1-1 N: 156        1 N: 83            1 N: 156           1 N: 83            1 N: 156           1 N: 83            1 N: 156    

                0.                 0.                 0.                 0.                 0.                 0.                 0.                 0.                 0.         
               40.E-03             7.55604E-03        6.09377E-03        7.55603E-03        5.46674E-03       -2.16879E-06      -10.3124E-06         9.48835E-06        2.69234E-03
               80.E-03            15.1056E-03        12.1817E-03        15.1056E-03        10.9283E-03        -4.33269E-06      -20.5498E-06        23.173E-06          5.38193E-03
              120.E-03            22.6487E-03        18.2638E-03        22.6487E-03        16.3847E-03        -6.49174E-06      -30.7134E-06        41.0418E-06         8.06882E-03
              160.E-03            30.1854E-03        24.3401E-03        30.1854E-03        21.8361E-03        -8.64588E-06      -40.8035E-06        63.0824E-06        10.753E-03  
              200.E-03            37.7157E-03        30.4107E-03        37.7156E-03        27.2822E-03       -10.7951E-06       -50.8207E-06        89.2826E-06        13.4345E-03 
              240.E-03            45.2396E-03        36.4754E-03        45.2395E-03        32.7233E-03       -12.9394E-06       -60.7657E-06       119.63E-06          16.1132E-03 
              280.E-03            52.7571E-03        42.5345E-03        52.7569E-03        38.1594E-03       -15.0787E-06       -70.6392E-06       154.113E-06         18.7893E-03 
              320.E-03            60.2683E-03        48.5878E-03        60.268E-03         43.5904E-03       -17.2131E-06       -80.4416E-06       192.72E-06          21.4628E-03 
              360.E-03            67.7731E-03        54.6354E-03        67.7727E-03        49.0163E-03       -19.3425E-06       -90.1737E-06       235.438E-06         24.1335E-03 
              400.E-03            75.2716E-03        60.6774E-03        75.271E-03         54.4372E-03       -21.4668E-06       -99.8359E-06       282.256E-06         26.8016E-03 
              440.E-03            82.7637E-03        66.7137E-03        82.7631E-03        59.8531E-03       -23.5862E-06      -109.429E-06        333.161E-06         29.4671E-03 
              480.E-03            90.2496E-03        72.7444E-03        90.2488E-03        65.2641E-03       -25.7005E-06      -118.953E-06        388.142E-06         32.1299E-03 
              520.E-03            97.7292E-03        78.7694E-03        97.7282E-03        70.67E-03         -27.8098E-06      -128.41E-06         447.188E-06         34.7901E-03 
              560.E-03           105.203E-03         84.7889E-03       105.201E-03         76.071E-03        -29.9139E-06      -137.799E-06        510.286E-06         37.4477E-03 
              600.E-03           112.67E-03          90.8028E-03       112.668E-03         81.4671E-03       -32.0131E-06      -147.121E-06        577.426E-06         40.1027E-03 
              640.E-03           120.13E-03          96.8111E-03       120.129E-03         86.8583E-03       -34.1071E-06      -156.377E-06        648.595E-06         42.7551E-03 
              680.E-03           127.585E-03        102.814E-03        127.583E-03         92.2446E-03       -36.196E-06       -165.566E-06        723.782E-06         45.4049E-03 
              720.E-03           135.034E-03        108.811E-03        135.031E-03         97.626E-03        -38.2798E-06      -174.691E-06        802.976E-06         48.0522E-03 
              760.E-03           142.476E-03        114.803E-03        142.473E-03        103.003E-03        -40.3584E-06      -183.751E-06        886.165E-06         50.6968E-03 
              800.E-03           149.912E-03        120.789E-03        149.909E-03        108.374E-03        -42.432E-06       -192.747E-06        973.339E-06         53.3389E-03 
              840.E-03           157.342E-03        126.77E-03         157.338E-03        113.741E-03        -44.5003E-06      -201.679E-06          1.06449E-03       55.9785E-03 
              880.E-03           164.766E-03        132.746E-03        164.762E-03        119.103E-03        -46.5635E-06      -210.548E-06          1.15959E-03       58.6155E-03 
              920.E-03           172.184E-03        138.716E-03        172.179E-03        124.46E-03         -48.6215E-06      -219.354E-06          1.25865E-03       61.25E-03   
              960.E-03           179.595E-03        144.68E-03         179.59E-03         129.813E-03        -50.6743E-06      -228.099E-06          1.36165E-03       63.882E-03  
                1.               187.001E-03        150.639E-03        186.995E-03        135.161E-03        -52.7219E-06      -236.781E-06          1.46858E-03       66.5115E-03 
                1.04             179.603E-03        144.693E-03        179.598E-03        129.818E-03        -50.7368E-06      -228.262E-06          1.37509E-03       63.9009E-03 
                1.08             172.199E-03        138.741E-03        172.194E-03        124.47E-03         -48.746E-06       -219.682E-06          1.2855E-03        61.2875E-03 
                1.12             164.788E-03        132.783E-03        164.783E-03        119.117E-03        -46.7495E-06      -211.038E-06          1.19985E-03       58.6713E-03 
                1.16             157.37E-03         126.819E-03        157.366E-03        113.759E-03        -44.7475E-06      -202.332E-06          1.11812E-03       56.0524E-03 
                1.2              149.945E-03        120.849E-03        149.941E-03        108.395E-03        -42.7398E-06      -193.562E-06          1.04035E-03       53.4306E-03 
                1.24             142.514E-03        114.872E-03        142.51E-03         103.026E-03        -40.7265E-06      -184.729E-06        966.53E-06          50.806E-03  
                1.28             135.075E-03        108.89E-03         135.072E-03         97.652E-03        -38.7075E-06      -175.831E-06        896.686E-06         48.1786E-03 
                1.32             127.63E-03         102.902E-03        127.627E-03         92.2725E-03       -36.683E-06       -166.868E-06        830.826E-06         45.5484E-03 
                1.36             120.178E-03         96.9083E-03       120.176E-03         86.8877E-03       -34.6529E-06      -157.839E-06        768.964E-06         42.9154E-03 
                1.4              112.719E-03         90.9082E-03       112.717E-03         81.4975E-03       -32.6172E-06      -148.744E-06        711.11E-06          40.2795E-03 
                1.44             105.253E-03         84.9019E-03       105.251E-03         76.1019E-03       -30.5759E-06      -139.583E-06        657.279E-06         37.6407E-03 
                1.48              97.7805E-03        78.8896E-03        97.7786E-03        70.7009E-03       -28.529E-06       -130.354E-06        607.482E-06         34.9991E-03 
                1.52              90.3009E-03        72.8712E-03        90.2991E-03        65.2945E-03       -26.4767E-06      -121.057E-06        561.733E-06         32.3546E-03 
                1.56              82.8143E-03        66.8466E-03        82.8126E-03        59.8827E-03       -24.4187E-06      -111.693E-06        520.044E-06         29.7072E-03 
                1.6               75.3207E-03        60.8158E-03        75.3191E-03        54.4654E-03       -22.3553E-06      -102.259E-06        482.427E-06         27.057E-03  
                1.64              67.8201E-03        54.7789E-03        67.8186E-03        49.0426E-03       -20.2863E-06       -92.7552E-06       448.897E-06         24.4038E-03 
                1.68              60.3126E-03        48.7358E-03        60.3111E-03        43.6143E-03       -18.2119E-06       -83.1816E-06       419.465E-06         21.7477E-03 
                1.72              52.798E-03         42.6865E-03        52.7965E-03        38.1806E-03       -16.132E-06        -73.5373E-06       394.146E-06         19.0886E-03 
                1.76              45.2764E-03        36.631E-03         45.2749E-03        32.7413E-03       -14.0466E-06       -63.8215E-06       372.951E-06         16.4267E-03 
                1.8               37.7479E-03        30.5693E-03        37.7462E-03        27.2964E-03       -11.9557E-06       -54.0338E-06       355.895E-06         13.7617E-03 
                1.84              30.2123E-03        24.5015E-03        30.2104E-03        21.846E-03         -9.85939E-06      -44.1734E-06       342.99E-06          11.0939E-03 
                1.88              22.67E-03          18.4277E-03        22.6675E-03        16.39E-03          -7.75766E-06      -34.2398E-06       334.25E-06           8.42301E-03
                1.92              15.121E-03         12.3484E-03        15.1174E-03        10.9283E-03        -5.65052E-06      -24.2322E-06       329.688E-06          5.74918E-03
                1.96               7.56743E-03        6.26601E-03        7.56026E-03        5.46107E-03       -3.53798E-06      -14.1502E-06       329.318E-06          3.07236E-03
                2.               333.182E-06        392.735E-06         -4.08207E-06      -11.843E-06         -1.42006E-06       -3.99292E-06      333.154E-06        392.536E-06  
                2.04               7.58329E-03        5.94897E-03       -7.57561E-03       -5.49043E-03      703.213E-09          6.2402E-06       341.208E-06         -2.29029E-03
                2.08              15.1585E-03        12.0502E-03       -15.1543E-03       -10.9747E-03         2.83183E-06       16.5498E-06       353.494E-06         -4.97615E-03
                2.12              22.7433E-03        18.1615E-03       -22.7403E-03       -16.4647E-03         4.96578E-06       26.9367E-06       370.027E-06         -7.66503E-03
                2.16              30.3359E-03        24.2802E-03       -30.3334E-03       -21.9604E-03         7.10504E-06       37.4014E-06       390.82E-06         -10.357E-03  
                2.2               37.9361E-03        30.4058E-03       -37.9338E-03       -27.4619E-03         9.24958E-06       47.9448E-06       415.887E-06        -13.0519E-03 
                2.24              45.5437E-03        36.538E-03        -45.5415E-03       -32.9691E-03        11.3994E-06        58.5674E-06       445.242E-06        -15.75E-03   
                2.28              53.1587E-03        42.677E-03        -53.1565E-03       -38.4822E-03        13.5545E-06        69.27E-06         478.898E-06        -18.4511E-03 
                2.32              60.781E-03         48.8226E-03       -60.7788E-03       -44.001E-03         15.7148E-06        80.0533E-06       516.871E-06        -21.1553E-03 
                2.36              68.4106E-03        54.9748E-03       -68.4084E-03       -49.5257E-03        17.8803E-06        90.9181E-06       559.174E-06        -23.8626E-03 
                2.4               76.0477E-03        61.1337E-03       -76.0453E-03       -55.0563E-03        20.0509E-06       101.865E-06        605.821E-06        -26.573E-03  
                2.44              83.6921E-03        67.2992E-03       -83.6896E-03       -60.5927E-03        22.2268E-06       112.895E-06        656.827E-06        -29.2865E-03 
                2.48              91.344E-03         73.4715E-03       -91.3412E-03       -66.135E-03         24.4078E-06       124.008E-06        712.206E-06        -32.0031E-03 
                2.52              99.0033E-03        79.6505E-03       -99.0003E-03       -71.6833E-03        26.5939E-06       135.206E-06        771.972E-06        -34.7229E-03 
                2.56             106.67E-03          85.8361E-03      -106.667E-03        -77.2375E-03        28.7851E-06       146.49E-06         836.141E-06        -37.4458E-03 
                2.6              114.344E-03         92.0286E-03      -114.341E-03        -82.7977E-03        30.9814E-06       157.859E-06        904.727E-06        -40.1719E-03 
                2.64             122.026E-03         98.2278E-03      -122.022E-03        -88.3638E-03        33.1827E-06       169.315E-06        977.744E-06        -42.9012E-03 
                2.68             129.715E-03        104.434E-03       -129.711E-03        -93.936E-03         35.3891E-06       180.858E-06          1.05521E-03      -45.6336E-03 
                2.72             137.412E-03        110.647E-03       -137.407E-03        -99.5142E-03        37.6004E-06       192.49E-06           1.13713E-03      -48.3693E-03 
                2.76             145.116E-03        116.866E-03       -145.111E-03       -105.098E-03         39.8168E-06       204.211E-06          1.22353E-03      -51.1081E-03 
                2.8              152.828E-03        123.093E-03       -152.822E-03       -110.689E-03         42.038E-06        216.023E-06          1.31442E-03      -53.8502E-03 
                2.84             160.547E-03        129.327E-03       -160.541E-03       -116.285E-03         44.2642E-06       227.925E-06          1.40982E-03      -56.5955E-03 
                2.88             168.274E-03        135.567E-03       -168.268E-03       -121.888E-03         46.4952E-06       239.918E-06          1.50974E-03      -59.344E-03  
                2.92             176.009E-03        141.814E-03       -176.002E-03       -127.497E-03         48.7312E-06       252.005E-06          1.6142E-03       -62.0958E-03 
                2.96             183.751E-03        148.069E-03       -183.743E-03       -133.112E-03         50.9719E-06       264.185E-06          1.72321E-03      -64.8508E-03 
                3.               191.501E-03        154.33E-03        -191.493E-03       -138.733E-03         53.2174E-06       276.459E-06          1.83678E-03      -67.6091E-03 
                3.04             183.76E-03         148.069E-03       -183.752E-03       -133.118E-03         50.9212E-06       264.03E-06           1.73665E-03      -64.8383E-03 
                3.08             176.026E-03        141.814E-03       -176.018E-03       -127.509E-03         48.6292E-06       251.696E-06          1.64107E-03      -62.0706E-03 
                3.12             168.298E-03        135.566E-03       -168.291E-03       -121.905E-03         46.3415E-06       239.454E-06          1.55003E-03      -59.3058E-03 
                3.16             160.578E-03        129.324E-03       -160.571E-03       -116.308E-03         44.0581E-06       227.305E-06          1.4635E-03       -56.544E-03  
                3.2              152.864E-03        123.089E-03       -152.858E-03       -110.716E-03         41.7791E-06       215.246E-06          1.38147E-03      -53.7851E-03 
                3.24             145.157E-03        116.86E-03        -145.151E-03       -105.129E-03         39.5044E-06       203.278E-06          1.30394E-03      -51.0293E-03 
                3.28             137.457E-03        110.637E-03       -137.452E-03        -99.5482E-03        37.2342E-06       191.4E-06            1.23089E-03      -48.2763E-03 
                3.32             129.764E-03        104.42E-03        -129.759E-03        -93.9728E-03        34.9684E-06       179.61E-06           1.1623E-03       -45.5263E-03 
                3.36             122.078E-03         98.2099E-03      -122.073E-03        -88.403E-03         32.7071E-06       167.908E-06          1.09816E-03      -42.7792E-03 
                3.4              114.399E-03         92.0059E-03      -114.394E-03        -82.8388E-03        30.4502E-06       156.293E-06          1.03846E-03      -40.0351E-03 
                3.44             106.726E-03         85.8082E-03      -106.722E-03        -77.28E-03          28.1979E-06       144.765E-06        983.183E-06        -37.2938E-03 
                3.48              99.0604E-03        79.6167E-03       -99.056E-03        -71.7267E-03        25.9502E-06       133.322E-06        932.314E-06        -34.5554E-03 
                3.52              91.4014E-03        73.4314E-03       -91.3971E-03       -66.1789E-03        23.707E-06        121.964E-06        885.841E-06        -31.8199E-03 
                3.56              83.7491E-03        67.2523E-03       -83.7449E-03       -60.6365E-03        21.4685E-06       110.69E-06         843.751E-06        -29.0873E-03 
                3.6               76.1036E-03        61.0794E-03       -76.0993E-03       -55.0995E-03        19.2346E-06        99.4992E-06       806.032E-06        -26.3575E-03 
                3.64              68.4648E-03        54.9126E-03       -68.4604E-03       -49.568E-03         17.0053E-06        88.391E-06        772.668E-06        -23.6306E-03 
                3.68              60.8328E-03        48.7521E-03       -60.8282E-03       -44.0418E-03        14.7808E-06        77.3645E-06       743.649E-06        -20.9066E-03 
                3.72              53.2075E-03        42.5978E-03       -53.2027E-03       -38.521E-03         12.5609E-06        66.4192E-06       718.96E-06         -18.1853E-03 
                3.76              45.5891E-03        36.4498E-03       -45.5837E-03       -33.0055E-03        10.3458E-06        55.5541E-06       698.588E-06        -15.4669E-03 
                3.8               37.9775E-03        30.3083E-03       -37.9714E-03       -27.4953E-03         8.13548E-06       44.7687E-06       682.522E-06        -12.7513E-03 
                3.84              30.373E-03         24.1734E-03       -30.3656E-03       -21.9905E-03         5.92992E-06       34.0623E-06       670.746E-06        -10.0384E-03 
                3.88              22.7761E-03        18.0459E-03       -22.7664E-03       -16.4909E-03         3.72916E-06       23.434E-06        663.25E-06          -7.32841E-03
                3.92              15.1882E-03        11.9281E-03       -15.1738E-03       -10.9966E-03         1.53322E-06       12.8834E-06       660.021E-06         -4.62116E-03
                3.96               7.61648E-03        5.83152E-03       -7.58774E-03       -5.50754E-03     -657.86E-09           2.40956E-06      661.045E-06         -1.91667E-03
                4.               666.366E-06        785.452E-06         -8.19259E-06      -23.7033E-06        -2.84407E-06       -7.98805E-06      666.31E-06         785.054E-06  




